canu/2.2 has the useGrid option default set to useGrid=false. This can be overriden by another configuration file or a command-line option.
-- canu snapshot v2.2 +0 changes (r10279 af9c6e709ff2d6473cf966702c420b9eb42d9078)
--
-- CITATIONS
--
-- For 'standard' assemblies of PacBio or Nanopore reads:
--   Koren S, Walenz BP, Berlin K, Miller JR, Phillippy AM.
--   Canu: scalable and accurate long-read assembly via adaptive k-mer weighting and repeat separation.
--   Genome Res. 2017 May;27(5):722-736.
--   http://doi.org/10.1101/gr.215087.116
-- 
-- Read and contig alignments during correction and consensus use:
--   Šošic M, Šikic M.
--   Edlib: a C/C ++ library for fast, exact sequence alignment using edit distance.
--   Bioinformatics. 2017 May 1;33(9):1394-1395.
--   http://doi.org/10.1093/bioinformatics/btw753
-- 
-- Overlaps are generated using:
--   Berlin K, et al.
--   Assembling large genomes with single-molecule sequencing and locality-sensitive hashing.
--   Nat Biotechnol. 2015 Jun;33(6):623-30.
--   http://doi.org/10.1038/nbt.3238
-- 
--   Myers EW, et al.
--   A Whole-Genome Assembly of Drosophila.
--   Science. 2000 Mar 24;287(5461):2196-204.
--   http://doi.org/10.1126/science.287.5461.2196
-- 
-- Corrected read consensus sequences are generated using an algorithm derived from FALCON-sense:
--   Chin CS, et al.
--   Phased diploid genome assembly with single-molecule real-time sequencing.
--   Nat Methods. 2016 Dec;13(12):1050-1054.
--   http://doi.org/10.1038/nmeth.4035
-- 
-- Contig consensus sequences are generated using an algorithm derived from pbdagcon:
--   Chin CS, et al.
--   Nonhybrid, finished microbial genome assemblies from long-read SMRT sequencing data.
--   Nat Methods. 2013 Jun;10(6):563-9
--   http://doi.org/10.1038/nmeth.2474
-- 
-- CONFIGURE CANU
--
-- Detected Java(TM) Runtime Environment '1.8.0_151' (from '/sw/comp/java/x86_64/sun_jdk1.8.0_151/bin/java') with -d64 support.
-- Detected gnuplot version '4.6 patchlevel 2   ' (from 'gnuplot') and image format 'png'.
--
-- Detected 4 CPUs and 32000 gigabytes of memory on the local machine.
--
-- Detected Slurm with 'sinfo' binary in /usr/bin/sinfo.
--          Slurm disabled by useGrid=false
--
-- Local machine mode enabled; grid support not detected or not allowed.
--
--                                (tag)Concurrency
--                         (tag)Threads          |
--                (tag)Memory         |          |
--        (tag)             |         |          |       total usage      algorithm
--        -------  ----------  --------   --------  --------------------  -----------------------------
-- Local: meryl     12.000 GB    4 CPUs x   1 job     12.000 GB   4 CPUs  (k-mer counting)
-- Local: hap        8.000 GB    4 CPUs x   1 job      8.000 GB   4 CPUs  (read-to-haplotype assignment)
-- Local: cormhap    6.000 GB    4 CPUs x   1 job      6.000 GB   4 CPUs  (overlap detection with mhap)
-- Local: obtovl     4.000 GB    4 CPUs x   1 job      4.000 GB   4 CPUs  (overlap detection)
-- Local: utgovl     4.000 GB    4 CPUs x   1 job      4.000 GB   4 CPUs  (overlap detection)
-- Local: cor        -.--- GB    4 CPUs x   - jobs     -.--- GB   - CPUs  (read correction)
-- Local: ovb        4.000 GB    1 CPU  x   4 jobs    16.000 GB   4 CPUs  (overlap store bucketizer)
-- Local: ovs        8.000 GB    1 CPU  x   4 jobs    32.000 GB   4 CPUs  (overlap store sorting)
-- Local: red       16.000 GB    4 CPUs x   1 job     16.000 GB   4 CPUs  (read error detection)
-- Local: oea        8.000 GB    1 CPU  x   4 jobs    32.000 GB   4 CPUs  (overlap error adjustment)
-- Local: bat       16.000 GB    4 CPUs x   1 job     16.000 GB   4 CPUs  (contig construction with bogart)
-- Local: cns        -.--- GB    4 CPUs x   - jobs     -.--- GB   - CPUs  (consensus)
--
-- Found PacBio CLR reads in '2022_03_29_scaffold11_canu.seqStore':
--   Libraries:
--     PacBio CLR:            1
--   Reads:
--     Raw:                   1872884302
--
--
-- Generating assembly '2022_03_29_scaffold11_canu' in '/domus/h1/hychim/private/UU_GenomeAnalysis/result/genome_assembly/PacBio':
--   genomeSize:
--     23000000
--
--   Overlap Generation Limits:
--     corOvlErrorRate 0.2400 ( 24.00%)
--     obtOvlErrorRate 0.0450 (  4.50%)
--     utgOvlErrorRate 0.0450 (  4.50%)
--
--   Overlap Processing Limits:
--     corErrorRate    0.2500 ( 25.00%)
--     obtErrorRate    0.0450 (  4.50%)
--     utgErrorRate    0.0450 (  4.50%)
--     cnsErrorRate    0.0750 (  7.50%)
--
--   Stages to run:
--     correct raw reads.
--     trim corrected reads.
--     assemble corrected and trimmed reads.
--
--
-- BEGIN CORRECTION
--
-- Running jobs.  First attempt out of 2.
----------------------------------------
-- Starting 'meryl' concurrent execution on Wed Mar 30 15:27:18 2022 with 15955.769 GB free disk space (1 processes; 1 concurrently)

    cd correction/0-mercounts
    ./meryl-count.sh 1 > ./meryl-count.000001.out 2>&1

-- Finished on Wed Mar 30 15:32:34 2022 (316 seconds) with 15949.283 GB free disk space
----------------------------------------
-- Found 1 Kmer counting (meryl) outputs.
-- Finished stage 'cor-merylCountCheck', reset canuIteration.
--
-- Running jobs.  First attempt out of 2.
----------------------------------------
-- Starting 'meryl' concurrent execution on Wed Mar 30 15:32:34 2022 with 15949.283 GB free disk space (1 processes; 1 concurrently)

    cd correction/0-mercounts
    ./meryl-process.sh 1 > ./meryl-process.000001.out 2>&1

-- Finished on Wed Mar 30 15:33:15 2022 (41 seconds) with 15947.231 GB free disk space
----------------------------------------
-- Meryl finished successfully.  Kmer frequency histogram:
--
--  16-mers                                                                                           Fraction
--    Occurrences   NumMers                                                                         Unique Total
--       1-     1         0                                                                        0.0000 0.0000
--       2-     2 112448393 ********************************************************************** 0.4359 0.1487
--       3-     4  74339377 **********************************************                         0.6245 0.2451
--       5-     7  33484350 ********************                                                   0.7844 0.3644
--       8-    11  16999197 **********                                                             0.8762 0.4709
--      12-    16   9047597 *****                                                                  0.9296 0.5642
--      17-    22   4585255 **                                                                     0.9590 0.6379
--      23-    29   2454024 *                                                                      0.9745 0.6911
--      30-    37   1392994                                                                        0.9831 0.7299
--      38-    46    830656                                                                        0.9881 0.7588
--      47-    56    531282                                                                        0.9911 0.7807
--      57-    67    375623                                                                        0.9931 0.7981
--      68-    79    285370                                                                        0.9945 0.8131
--      80-    92    225093                                                                        0.9955 0.8267
--      93-   106    176966                                                                        0.9964 0.8393
--     107-   121    139247                                                                        0.9971 0.8508
--     122-   137    110782                                                                        0.9976 0.8611
--     138-   154     87864                                                                        0.9980 0.8705
--     155-   172     71241                                                                        0.9984 0.8788
--     173-   191     57019                                                                        0.9986 0.8865
--     192-   211     46053                                                                        0.9988 0.8932
--     212-   232     37105                                                                        0.9990 0.8993
--     233-   254     30390                                                                        0.9992 0.9047
--     255-   277     23620                                                                        0.9993 0.9095
--     278-   301     18923                                                                        0.9994 0.9137
--     302-   326     15078                                                                        0.9994 0.9172
--     327-   352     12580                                                                        0.9995 0.9203
--     353-   379     10606                                                                        0.9995 0.9232
--     380-   407      8949                                                                        0.9996 0.9257
--     408-   436      7698                                                                        0.9996 0.9280
--     437-   466      6795                                                                        0.9996 0.9301
--     467-   497      6241                                                                        0.9997 0.9322
--     498-   529      5781                                                                        0.9997 0.9342
--     530-   562      5360                                                                        0.9997 0.9361
--     563-   596      5001                                                                        0.9997 0.9380
--     597-   631      4532                                                                        0.9998 0.9399
--     632-   667      4277                                                                        0.9998 0.9418
--     668-   704      3914                                                                        0.9998 0.9436
--     705-   742      3476                                                                        0.9998 0.9454
--     743-   781      3142                                                                        0.9998 0.9470
--     782-   821      2834                                                                        0.9998 0.9486
--
--           0 (max occurrences)
--  1512878326 (total mers, non-unique)
--   257944032 (distinct mers, non-unique)
--           0 (unique mers)
-- Finished stage 'meryl-process', reset canuIteration.
--
-- Removing meryl database 'correction/0-mercounts/2022_03_29_scaffold11_canu.ms16'.
--
-- OVERLAPPER (mhap) (correction)
--
-- Set corMhapSensitivity=low based on read coverage of 81.42.
--
-- PARAMETERS: hashes=256, minMatches=3, threshold=0.8
--
-- Given 5.4 GB, can fit 16200 reads per block.
-- For 17 blocks, set stride to 4 blocks.
-- Logging partitioning to 'correction/1-overlapper/partitioning.log'.
-- Configured 16 mhap precompute jobs.
-- Configured 37 mhap overlap jobs.
-- Finished stage 'cor-mhapConfigure', reset canuIteration.
--
-- Running jobs.  First attempt out of 2.
----------------------------------------
-- Starting 'cormhap' concurrent execution on Wed Mar 30 15:33:16 2022 with 15947.227 GB free disk space (16 processes; 1 concurrently)

    cd correction/1-overlapper
    ./precompute.sh 1 > ./precompute.000001.out 2>&1
    ./precompute.sh 2 > ./precompute.000002.out 2>&1
    ./precompute.sh 3 > ./precompute.000003.out 2>&1
    ./precompute.sh 4 > ./precompute.000004.out 2>&1
    ./precompute.sh 5 > ./precompute.000005.out 2>&1
    ./precompute.sh 6 > ./precompute.000006.out 2>&1
    ./precompute.sh 7 > ./precompute.000007.out 2>&1
    ./precompute.sh 8 > ./precompute.000008.out 2>&1
    ./precompute.sh 9 > ./precompute.000009.out 2>&1
    ./precompute.sh 10 > ./precompute.000010.out 2>&1
    ./precompute.sh 11 > ./precompute.000011.out 2>&1
    ./precompute.sh 12 > ./precompute.000012.out 2>&1
    ./precompute.sh 13 > ./precompute.000013.out 2>&1
    ./precompute.sh 14 > ./precompute.000014.out 2>&1
    ./precompute.sh 15 > ./precompute.000015.out 2>&1
    ./precompute.sh 16 > ./precompute.000016.out 2>&1

-- Finished on Wed Mar 30 18:03:14 2022 (8998 seconds) with 15816.031 GB free disk space
----------------------------------------
-- All 16 mhap precompute jobs finished successfully.
-- Finished stage 'cor-mhapPrecomputeCheck', reset canuIteration.
--
-- Running jobs.  First attempt out of 2.
----------------------------------------
-- Starting 'cormhap' concurrent execution on Wed Mar 30 18:03:14 2022 with 15816.031 GB free disk space (37 processes; 1 concurrently)

    cd correction/1-overlapper
    ./mhap.sh 1 > ./mhap.000001.out 2>&1
    ./mhap.sh 2 > ./mhap.000002.out 2>&1
    ./mhap.sh 3 > ./mhap.000003.out 2>&1
    ./mhap.sh 4 > ./mhap.000004.out 2>&1
    ./mhap.sh 5 > ./mhap.000005.out 2>&1
    ./mhap.sh 6 > ./mhap.000006.out 2>&1
    ./mhap.sh 7 > ./mhap.000007.out 2>&1
    ./mhap.sh 8 > ./mhap.000008.out 2>&1
    ./mhap.sh 9 > ./mhap.000009.out 2>&1
    ./mhap.sh 10 > ./mhap.000010.out 2>&1
    ./mhap.sh 11 > ./mhap.000011.out 2>&1
    ./mhap.sh 12 > ./mhap.000012.out 2>&1
    ./mhap.sh 13 > ./mhap.000013.out 2>&1
    ./mhap.sh 14 > ./mhap.000014.out 2>&1
    ./mhap.sh 15 > ./mhap.000015.out 2>&1
    ./mhap.sh 16 > ./mhap.000016.out 2>&1
    ./mhap.sh 17 > ./mhap.000017.out 2>&1
    ./mhap.sh 18 > ./mhap.000018.out 2>&1
    ./mhap.sh 19 > ./mhap.000019.out 2>&1
    ./mhap.sh 20 > ./mhap.000020.out 2>&1
    ./mhap.sh 21 > ./mhap.000021.out 2>&1
    ./mhap.sh 22 > ./mhap.000022.out 2>&1
    ./mhap.sh 23 > ./mhap.000023.out 2>&1
    ./mhap.sh 24 > ./mhap.000024.out 2>&1
    ./mhap.sh 25 > ./mhap.000025.out 2>&1
    ./mhap.sh 26 > ./mhap.000026.out 2>&1
    ./mhap.sh 27 > ./mhap.000027.out 2>&1
    ./mhap.sh 28 > ./mhap.000028.out 2>&1
    ./mhap.sh 29 > ./mhap.000029.out 2>&1
    ./mhap.sh 30 > ./mhap.000030.out 2>&1
    ./mhap.sh 31 > ./mhap.000031.out 2>&1
    ./mhap.sh 32 > ./mhap.000032.out 2>&1
    ./mhap.sh 33 > ./mhap.000033.out 2>&1
    ./mhap.sh 34 > ./mhap.000034.out 2>&1
    ./mhap.sh 35 > ./mhap.000035.out 2>&1
    ./mhap.sh 36 > ./mhap.000036.out 2>&1
    ./mhap.sh 37 > ./mhap.000037.out 2>&1

-- Finished on Wed Mar 30 18:55:32 2022 (3138 seconds) with 15785.642 GB free disk space
----------------------------------------
-- Found 37 mhap overlap output files.
-- Finished stage 'cor-mhapCheck', reset canuIteration.
----------------------------------------
-- Starting command on Wed Mar 30 18:55:32 2022 with 15785.642 GB free disk space

    cd correction
    /sw/bioinfo/canu/2.2/rackham/bin/ovStoreConfig \
     -S ../2022_03_29_scaffold11_canu.seqStore \
     -M 4-8 \
     -L ./1-overlapper/ovljob.files \
     -create ./2022_03_29_scaffold11_canu.ovlStore.config \
     > ./2022_03_29_scaffold11_canu.ovlStore.config.txt \
    2> ./2022_03_29_scaffold11_canu.ovlStore.config.err

-- Finished on Wed Mar 30 18:55:33 2022 (one second) with 15785.641 GB free disk space
----------------------------------------
--
-- Creating overlap store correction/2022_03_29_scaffold11_canu.ovlStore using:
--      2 buckets
--      2 slices
--        using at most 6 GB memory each
-- Finished stage 'cor-overlapStoreConfigure', reset canuIteration.
--
-- Running jobs.  First attempt out of 2.
----------------------------------------
-- Starting 'ovB' concurrent execution on Wed Mar 30 18:55:33 2022 with 15785.641 GB free disk space (2 processes; 4 concurrently)

    cd correction/2022_03_29_scaffold11_canu.ovlStore.BUILDING
    ./scripts/1-bucketize.sh 1 > ./logs/1-bucketize.000001.out 2>&1
    ./scripts/1-bucketize.sh 2 > ./logs/1-bucketize.000002.out 2>&1

-- Finished on Wed Mar 30 18:56:25 2022 (52 seconds) with 15781.589 GB free disk space
----------------------------------------
-- Overlap store bucketizer finished.
-- Finished stage 'cor-overlapStoreBucketizerCheck', reset canuIteration.
--
-- Running jobs.  First attempt out of 2.
----------------------------------------
-- Starting 'ovS' concurrent execution on Wed Mar 30 18:56:25 2022 with 15781.589 GB free disk space (2 processes; 4 concurrently)

    cd correction/2022_03_29_scaffold11_canu.ovlStore.BUILDING
    ./scripts/2-sort.sh 1 > ./logs/2-sort.000001.out 2>&1
    ./scripts/2-sort.sh 2 > ./logs/2-sort.000002.out 2>&1

-- Finished on Wed Mar 30 18:58:34 2022 (129 seconds) with 15776.821 GB free disk space
----------------------------------------
-- Overlap store sorter finished.
-- Finished stage 'cor-overlapStoreSorterCheck', reset canuIteration.
----------------------------------------
-- Starting command on Wed Mar 30 18:58:34 2022 with 15776.814 GB free disk space

    cd correction
    /sw/bioinfo/canu/2.2/rackham/bin/ovStoreIndexer \
      -O  ./2022_03_29_scaffold11_canu.ovlStore.BUILDING \
      -S ../2022_03_29_scaffold11_canu.seqStore \
      -C  ./2022_03_29_scaffold11_canu.ovlStore.config \
      -delete \
    > ./2022_03_29_scaffold11_canu.ovlStore.BUILDING.index.err 2>&1

-- Finished on Wed Mar 30 18:58:34 2022 (lickety-split) with 15776.785 GB free disk space
----------------------------------------
-- Overlap store indexer finished.
-- Checking store.
----------------------------------------
-- Starting command on Wed Mar 30 18:58:34 2022 with 15776.785 GB free disk space

    cd correction
    /sw/bioinfo/canu/2.2/rackham/bin/ovStoreDump \
     -S ../2022_03_29_scaffold11_canu.seqStore \
     -O  ./2022_03_29_scaffold11_canu.ovlStore \
     -counts \
     > ./2022_03_29_scaffold11_canu.ovlStore/counts.dat 2> ./2022_03_29_scaffold11_canu.ovlStore/counts.err

-- Finished on Wed Mar 30 18:58:34 2022 (like a bat out of hell) with 15776.783 GB free disk space
----------------------------------------
--
-- Overlap store 'correction/2022_03_29_scaffold11_canu.ovlStore' successfully constructed.
-- Found 232434688 overlaps for 223945 reads; 21505 reads have no overlaps.
--
--
-- Purged 6.23 GB in 90 overlap output files.
-- Finished stage 'cor-createOverlapStore', reset canuIteration.
-- Set corMinCoverage=4 based on read coverage of 81.42.
-- Computing correction layouts.
--   Local  filter coverage   80
--   Global filter coverage   40
----------------------------------------
-- Starting command on Wed Mar 30 18:58:36 2022 with 15776.731 GB free disk space

    cd correction
    /sw/bioinfo/canu/2.2/rackham/bin/generateCorrectionLayouts \
      -S ../2022_03_29_scaffold11_canu.seqStore \
      -O  ./2022_03_29_scaffold11_canu.ovlStore \
      -C  ./2022_03_29_scaffold11_canu.corStore.WORKING \
      -eC 80 \
      -xC 40 \
    > ./2022_03_29_scaffold11_canu.corStore.err 2>&1

-- Finished on Wed Mar 30 18:58:49 2022 (13 seconds) with 15776.392 GB free disk space
----------------------------------------
-- Finished stage 'cor-buildCorrectionLayoutsConfigure', reset canuIteration.
-- Computing correction layouts.
----------------------------------------
-- Starting command on Wed Mar 30 18:58:49 2022 with 15776.392 GB free disk space

    cd correction/2-correction
    /sw/bioinfo/canu/2.2/rackham/bin/filterCorrectionLayouts \
      -S  ../../2022_03_29_scaffold11_canu.seqStore \
      -C     ../2022_03_29_scaffold11_canu.corStore \
      -R      ./2022_03_29_scaffold11_canu.readsToCorrect.WORKING \
      -cc 4 \
      -cl 1000 \
      -g  23000000 \
      -c  40 \
    > ./2022_03_29_scaffold11_canu.readsToCorrect.err 2>&1

-- Finished on Wed Mar 30 18:58:50 2022 (one second) with 15776.374 GB free disk space
----------------------------------------
--                             original      original
--                            raw reads     raw reads
--   category                w/overlaps  w/o/overlaps
--   -------------------- ------------- -------------
--   Number of Reads             207638         37812
--   Number of Bases         1627232768     102576622
--   Coverage                    70.749         4.460
--   Median                        7319             0
--   Mean                          7836          2712
--   N50                           9891          8451
--   Minimum                       1000             0
--   Maximum                      45571         36491
--   
--                                        --------corrected---------  ----------rescued----------
--                             evidence                     expected                     expected
--   category                     reads            raw     corrected            raw     corrected
--   -------------------- -------------  ------------- -------------  ------------- -------------
--   Number of Reads             208331          91829         91829           2239          2239
--   Number of Bases         1634843862      991592940     920003012       11750637       5631455
--   Coverage                    71.080         43.113        40.000          0.511         0.245
--   Median                        7320           9960          9245           4016          2227
--   Mean                          7847          10798         10018           5248          2515
--   N50                           9873          11113         10298           7788          2988
--   Minimum                       1000           5797          5794           1016          1002
--   Maximum                      45571          45571         38797          29368          5760
--   
--                        --------uncorrected--------
--                                           expected
--   category                       raw     corrected
--   -------------------- ------------- -------------
--   Number of Reads             151382        151382
--   Number of Bases          726465813     231709175
--   Coverage                    31.585        10.074
--   Median                        4106             0
--   Mean                          4798          1530
--   N50                           6968          4132
--   Minimum                          0             0
--   Maximum                      42814         39309
--   
--   Maximum Memory           935033558
-- Finished stage 'cor-filterCorrectionLayouts', reset canuIteration.
--
-- Correction jobs estimated to need at most 0.87 GB for computation.
-- Correction jobs will request 6 GB each.
--
-- Local: cor        6.000 GB    4 CPUs x   1 job      6.000 GB   4 CPUs  (read correction)
--
--
-- Configuring correction jobs:
--   Reads estimated to need at most 0.87 GB for computation.
--   Jobs will request 6 GB each.
----------------------------------------
-- Starting command on Wed Mar 30 18:58:50 2022 with 15776.374 GB free disk space

    cd correction/2-correction
    ./correctReadsPartition.sh \
    > ./correctReadsPartition.err 2>&1

-- Finished on Wed Mar 30 18:58:51 2022 (one second) with 15776.374 GB free disk space
----------------------------------------
-- Finished stage 'cor-generateCorrectedReadsConfigure', reset canuIteration.
--
-- Running jobs.  First attempt out of 2.
----------------------------------------
-- Starting 'cor' concurrent execution on Wed Mar 30 18:58:51 2022 with 15776.373 GB free disk space (10 processes; 1 concurrently)

    cd correction/2-correction
    ./correctReads.sh 1 > ./correctReads.000001.out 2>&1
    ./correctReads.sh 2 > ./correctReads.000002.out 2>&1
    ./correctReads.sh 3 > ./correctReads.000003.out 2>&1
    ./correctReads.sh 4 > ./correctReads.000004.out 2>&1
    ./correctReads.sh 5 > ./correctReads.000005.out 2>&1
    ./correctReads.sh 6 > ./correctReads.000006.out 2>&1
    ./correctReads.sh 7 > ./correctReads.000007.out 2>&1
    ./correctReads.sh 8 > ./correctReads.000008.out 2>&1
    ./correctReads.sh 9 > ./correctReads.000009.out 2>&1
    ./correctReads.sh 10 > ./correctReads.000010.out 2>&1

-- Finished on Wed Mar 30 22:18:06 2022 (11955 seconds, no bitcoins found either) with 15724.006 GB free disk space
----------------------------------------
-- Found 10 read correction output files.
-- Finished stage 'cor-generateCorrectedReadsCheck', reset canuIteration.
-- Found 10 read correction output files.
-- Finished stage 'cor-generateCorrectedReadsCheck', reset canuIteration.
--
-- Loading corrected reads into corStore and seqStore.
----------------------------------------
-- Starting command on Wed Mar 30 22:18:06 2022 with 15724.005 GB free disk space

    cd correction
    /sw/bioinfo/canu/2.2/rackham/bin/loadCorrectedReads \
      -S ../2022_03_29_scaffold11_canu.seqStore \
      -C ./2022_03_29_scaffold11_canu.corStore \
      -L ./2-correction/corjob.files \
    >  ./2022_03_29_scaffold11_canu.loadCorrectedReads.log \
    2> ./2022_03_29_scaffold11_canu.loadCorrectedReads.err

-- Finished on Wed Mar 30 22:18:26 2022 (20 seconds) with 15723.428 GB free disk space
----------------------------------------
--
-- In sequence store './2022_03_29_scaffold11_canu.seqStore':
--   Found 88556 reads.
--   Found 797099763 bases (34.65 times coverage).
--    Histogram of corrected reads:
--    
--    G=797099763                        sum of  ||               length     num
--    NG         length     index       lengths  ||                range    seqs
--    ----- ------------ --------- ------------  ||  ------------------- -------
--    00010        15754      4333     79713855  ||       1000-1693         1068|--------
--    00020        13258      9888    159423794  ||       1694-2387          917|-------
--    00030        11670     16314    239138220  ||       2388-3081          990|--------
--    00040        10534     23516    318845304  ||       3082-3775         1029|--------
--    00050         9655     31426    398550621  ||       3776-4469         1198|---------
--    00060         8843     40054    478261945  ||       4470-5163         1615|------------
--    00070         8049     49498    557975095  ||       5164-5857         5162|-------------------------------------
--    00080         7175     59970    637683797  ||       5858-6551         8795|---------------------------------------------------------------
--    00090         6220     71867    717393687  ||       6552-7245         8679|---------------------------------------------------------------
--    00100         1000     88555    797099763  ||       7246-7939         8294|------------------------------------------------------------
--    001.000x               88556    797099763  ||       7940-8633         8363|------------------------------------------------------------
--                                               ||       8634-9327         7687|--------------------------------------------------------
--                                               ||       9328-10021        6840|-------------------------------------------------
--                                               ||      10022-10715        5758|------------------------------------------
--                                               ||      10716-11409        4441|--------------------------------
--                                               ||      11410-12103        3407|-------------------------
--                                               ||      12104-12797        2856|---------------------
--                                               ||      12798-13491        2252|-----------------
--                                               ||      13492-14185        1863|--------------
--                                               ||      14186-14879        1556|------------
--                                               ||      14880-15573        1191|---------
--                                               ||      15574-16267         979|--------
--                                               ||      16268-16961         810|------
--                                               ||      16962-17655         672|-----
--                                               ||      17656-18349         495|----
--                                               ||      18350-19043         357|---
--                                               ||      19044-19737         298|---
--                                               ||      19738-20431         239|--
--                                               ||      20432-21125         181|--
--                                               ||      21126-21819         131|-
--                                               ||      21820-22513         104|-
--                                               ||      22514-23207          87|-
--                                               ||      23208-23901          64|-
--                                               ||      23902-24595          57|-
--                                               ||      24596-25289          36|-
--                                               ||      25290-25983          22|-
--                                               ||      25984-26677          17|-
--                                               ||      26678-27371           4|-
--                                               ||      27372-28065          13|-
--                                               ||      28066-28759           4|-
--                                               ||      28760-29453           3|-
--                                               ||      29454-30147           5|-
--                                               ||      30148-30841           6|-
--                                               ||      30842-31535           6|-
--                                               ||      31536-32229           0|
--                                               ||      32230-32923           1|-
--                                               ||      32924-33617           1|-
--                                               ||      33618-34311           1|-
--                                               ||      34312-35005           0|
--                                               ||      35006-35699           2|-
--    
--
-- Purging correctReads output after loading into stores.
-- Purged 10 .cns outputs.
-- Purged 20 .out job log outputs.
--
-- No corrected reads generated, overlaps used for correction saved.
-- Finished stage 'cor-loadCorrectedReads', reset canuIteration.
----------------------------------------
-- Starting command on Wed Mar 30 22:18:26 2022 with 15723.42 GB free disk space

    cd .
    /sw/bioinfo/canu/2.2/rackham/bin/sqStoreDumpFASTQ \
      -corrected \
      -S ./2022_03_29_scaffold11_canu.seqStore \
      -o ./2022_03_29_scaffold11_canu.correctedReads.gz \
      -fasta \
      -nolibname \
    > 2022_03_29_scaffold11_canu.correctedReads.fasta.err 2>&1

-- Finished on Wed Mar 30 22:18:50 2022 (24 seconds) with 15723.087 GB free disk space
----------------------------------------
--
-- Corrected reads saved in '2022_03_29_scaffold11_canu.correctedReads.fasta.gz'.
-- Finished stage 'cor-dumpCorrectedReads', reset canuIteration.
--
-- BEGIN TRIMMING
----------------------------------------
-- Starting command on Wed Mar 30 22:18:50 2022 with 15723.087 GB free disk space

    cd trimming/0-mercounts
    ./meryl-configure.sh \
    > ./meryl-configure.err 2>&1

-- Finished on Wed Mar 30 22:18:51 2022 (one second) with 15723.087 GB free disk space
----------------------------------------
--  segments   memory batches
--  -------- -------- -------
--        01  2.94 GB       2
--        02  1.59 GB       2
--        04  0.80 GB       2
--        06  0.53 GB       2
--
--  For 88556 reads with 797099763 bases, limit to 7 batches.
--  Will count kmers using 01 jobs, each using 4 GB and 4 threads.
--
-- Finished stage 'merylConfigure', reset canuIteration.
--
-- Running jobs.  First attempt out of 2.
----------------------------------------
-- Starting 'meryl' concurrent execution on Wed Mar 30 22:18:51 2022 with 15723.087 GB free disk space (1 processes; 1 concurrently)

    cd trimming/0-mercounts
    ./meryl-count.sh 1 > ./meryl-count.000001.out 2>&1

-- Finished on Wed Mar 30 22:20:48 2022 (117 seconds) with 15722.295 GB free disk space
----------------------------------------
-- Found 1 Kmer counting (meryl) outputs.
-- Finished stage 'obt-merylCountCheck', reset canuIteration.
--
-- Running jobs.  First attempt out of 2.
----------------------------------------
-- Starting 'meryl' concurrent execution on Wed Mar 30 22:20:48 2022 with 15722.295 GB free disk space (1 processes; 1 concurrently)

    cd trimming/0-mercounts
    ./meryl-process.sh 1 > ./meryl-process.000001.out 2>&1

-- Finished on Wed Mar 30 22:20:57 2022 (9 seconds) with 15722.02 GB free disk space
----------------------------------------
-- Meryl finished successfully.  Kmer frequency histogram:
--
--  22-mers                                                                                           Fraction
--    Occurrences   NumMers                                                                         Unique Total
--       1-     1         0                                                                        0.0000 0.0000
--       2-     2   7633561 *********************************************                          0.1789 0.0204
--       3-     7  10262088 *************************************************************          0.2616 0.0346
--       8-    16   7968614 ***********************************************                        0.4443 0.0932
--      17-    29  11646050 ********************************************************************** 0.6278 0.2294
--      30-    46   4110181 ************************                                               0.8928 0.5853
--      47-    67    456676 **                                                                     0.9761 0.7547
--      68-    92    186343 *                                                                      0.9861 0.7866
--      93-   121    103816                                                                        0.9903 0.8056
--     122-   154     64550                                                                        0.9927 0.8201
--     155-   191     48956                                                                        0.9942 0.8320
--     192-   232     33516                                                                        0.9954 0.8431
--     233-   277     29716                                                                        0.9961 0.8525
--     278-   326     30043                                                                        0.9968 0.8626
--     327-   379     23959                                                                        0.9975 0.8747
--     380-   436     21451                                                                        0.9981 0.8860
--     437-   497     18281                                                                        0.9986 0.8977
--     498-   562     11610                                                                        0.9990 0.9090
--     563-   631      4680                                                                        0.9993 0.9171
--     632-   704      3090                                                                        0.9994 0.9208
--     705-   781      1594                                                                        0.9995 0.9236
--     782-   862       894                                                                        0.9995 0.9251
--     863-   947       672                                                                        0.9995 0.9261
--     948-  1036       678                                                                        0.9995 0.9269
--    1037-  1129       740                                                                        0.9995 0.9278
--    1130-  1226       688                                                                        0.9996 0.9289
--    1227-  1327       643                                                                        0.9996 0.9299
--    1328-  1432       665                                                                        0.9996 0.9310
--    1433-  1541       549                                                                        0.9996 0.9323
--    1542-  1654       549                                                                        0.9996 0.9334
--    1655-  1771       517                                                                        0.9996 0.9345
--    1772-  1892       570                                                                        0.9997 0.9357
--    1893-  2017       579                                                                        0.9997 0.9371
--    2018-  2146       661                                                                        0.9997 0.9387
--    2147-  2279       712                                                                        0.9997 0.9405
--    2280-  2416       924                                                                        0.9997 0.9426
--    2417-  2557       583                                                                        0.9997 0.9455
--    2558-  2702       687                                                                        0.9997 0.9474
--    2703-  2851       807                                                                        0.9998 0.9499
--    2852-  3004       970                                                                        0.9998 0.9529
--    3005-  3161      1094                                                                        0.9998 0.9567
--
--           0 (max occurrences)
--   747130237 (total mers, non-unique)
--    42680236 (distinct mers, non-unique)
--           0 (unique mers)
-- Finished stage 'meryl-process', reset canuIteration.
--
-- Removing meryl database 'trimming/0-mercounts/2022_03_29_scaffold11_canu.ms22'.
--
-- OVERLAPPER (normal) (trimming) erate=0.045
--
----------------------------------------
-- Starting command on Wed Mar 30 22:20:57 2022 with 15722.02 GB free disk space

    cd trimming/1-overlapper
    /sw/bioinfo/canu/2.2/rackham/bin/overlapInCorePartition \
     -S  ../../2022_03_29_scaffold11_canu.seqStore \
     -hl 80000000 \
     -rl 1000000000 \
     -ol 500 \
     -o  ./2022_03_29_scaffold11_canu.partition \
    > ./2022_03_29_scaffold11_canu.partition.err 2>&1

-- Finished on Wed Mar 30 22:20:58 2022 (one second) with 15722.02 GB free disk space
----------------------------------------
--
-- Configured 10 overlapInCore jobs.
-- Finished stage 'obt-overlapConfigure', reset canuIteration.
--
-- Running jobs.  First attempt out of 2.
----------------------------------------
-- Starting 'obtovl' concurrent execution on Wed Mar 30 22:20:58 2022 with 15722.02 GB free disk space (10 processes; 1 concurrently)

    cd trimming/1-overlapper
    ./overlap.sh 1 > ./overlap.000001.out 2>&1
    ./overlap.sh 2 > ./overlap.000002.out 2>&1
    ./overlap.sh 3 > ./overlap.000003.out 2>&1
    ./overlap.sh 4 > ./overlap.000004.out 2>&1
    ./overlap.sh 5 > ./overlap.000005.out 2>&1
    ./overlap.sh 6 > ./overlap.000006.out 2>&1
    ./overlap.sh 7 > ./overlap.000007.out 2>&1
    ./overlap.sh 8 > ./overlap.000008.out 2>&1
    ./overlap.sh 9 > ./overlap.000009.out 2>&1
    ./overlap.sh 10 > ./overlap.000010.out 2>&1

-- Finished on Wed Mar 30 23:24:37 2022 (3819 seconds) with 15702.511 GB free disk space
----------------------------------------
-- Found 10 overlapInCore output files.
--
-- overlapInCore compute 'trimming/1-overlapper':
--   kmer hits
--     with no overlap        130809716  13080971.6 +- 7799520.507
--     with an overlap         12842070     1284207 +- 1862861.06
--
--   overlaps                  12839746   1283974.6 +- 1862396.95
--     contained                      0           0 +- 0
--     dovetail                       0           0 +- 0
--
--   overlaps rejected
--     multiple per pair              0           0 +- 0
--     bad short window               0           0 +- 0
--     bad long window                0           0 +- 0
-- Finished stage 'obt-overlapCheck', reset canuIteration.
----------------------------------------
-- Starting command on Wed Mar 30 23:24:37 2022 with 15702.511 GB free disk space

    cd trimming
    /sw/bioinfo/canu/2.2/rackham/bin/ovStoreConfig \
     -S ../2022_03_29_scaffold11_canu.seqStore \
     -M 8 \
     -L ./1-overlapper/ovljob.files \
     -create ./2022_03_29_scaffold11_canu.ovlStore.config \
     > ./2022_03_29_scaffold11_canu.ovlStore.config.txt \
    2> ./2022_03_29_scaffold11_canu.ovlStore.config.err

-- Finished on Wed Mar 30 23:24:38 2022 (one second) with 15702.511 GB free disk space
----------------------------------------
--
-- Creating overlap store trimming/2022_03_29_scaffold11_canu.ovlStore using:
--      2 buckets
--      2 slices
--        using at most 2 GB memory each
-- Finished stage 'obt-overlapStoreConfigure', reset canuIteration.
--
-- Running jobs.  First attempt out of 2.
----------------------------------------
-- Starting 'ovB' concurrent execution on Wed Mar 30 23:24:38 2022 with 15702.511 GB free disk space (2 processes; 4 concurrently)

    cd trimming/2022_03_29_scaffold11_canu.ovlStore.BUILDING
    ./scripts/1-bucketize.sh 1 > ./logs/1-bucketize.000001.out 2>&1
    ./scripts/1-bucketize.sh 2 > ./logs/1-bucketize.000002.out 2>&1

-- Finished on Wed Mar 30 23:24:45 2022 (7 seconds) with 15702.041 GB free disk space
----------------------------------------
-- Overlap store bucketizer finished.
-- Finished stage 'obt-overlapStoreBucketizerCheck', reset canuIteration.
--
-- Running jobs.  First attempt out of 2.
----------------------------------------
-- Starting 'ovS' concurrent execution on Wed Mar 30 23:24:45 2022 with 15702.041 GB free disk space (2 processes; 4 concurrently)

    cd trimming/2022_03_29_scaffold11_canu.ovlStore.BUILDING
    ./scripts/2-sort.sh 1 > ./logs/2-sort.000001.out 2>&1
    ./scripts/2-sort.sh 2 > ./logs/2-sort.000002.out 2>&1

-- Finished on Wed Mar 30 23:24:58 2022 (13 seconds) with 15701.526 GB free disk space
----------------------------------------
-- Overlap store sorter finished.
-- Finished stage 'obt-overlapStoreSorterCheck', reset canuIteration.
----------------------------------------
-- Starting command on Wed Mar 30 23:24:58 2022 with 15701.526 GB free disk space

    cd trimming
    /sw/bioinfo/canu/2.2/rackham/bin/ovStoreIndexer \
      -O  ./2022_03_29_scaffold11_canu.ovlStore.BUILDING \
      -S ../2022_03_29_scaffold11_canu.seqStore \
      -C  ./2022_03_29_scaffold11_canu.ovlStore.config \
      -delete \
    > ./2022_03_29_scaffold11_canu.ovlStore.BUILDING.index.err 2>&1

-- Finished on Wed Mar 30 23:24:58 2022 (like a bat out of hell) with 15701.485 GB free disk space
----------------------------------------
-- Overlap store indexer finished.
-- Checking store.
----------------------------------------
-- Starting command on Wed Mar 30 23:24:58 2022 with 15701.485 GB free disk space

    cd trimming
    /sw/bioinfo/canu/2.2/rackham/bin/ovStoreDump \
     -S ../2022_03_29_scaffold11_canu.seqStore \
     -O  ./2022_03_29_scaffold11_canu.ovlStore \
     -counts \
     > ./2022_03_29_scaffold11_canu.ovlStore/counts.dat 2> ./2022_03_29_scaffold11_canu.ovlStore/counts.err

-- Finished on Wed Mar 30 23:24:58 2022 (like a bat out of hell) with 15701.483 GB free disk space
----------------------------------------
--
-- Overlap store 'trimming/2022_03_29_scaffold11_canu.ovlStore' successfully constructed.
-- Found 25684140 overlaps for 88153 reads; 157297 reads have no overlaps.
--
--
-- Purged 0.248 GB in 30 overlap output files.
-- Finished stage 'obt-createOverlapStore', reset canuIteration.
----------------------------------------
-- Starting command on Wed Mar 30 23:24:58 2022 with 15701.462 GB free disk space

    cd trimming/3-overlapbasedtrimming
    /sw/bioinfo/canu/2.2/rackham/bin/trimReads \
      -S  ../../2022_03_29_scaffold11_canu.seqStore \
      -O  ../2022_03_29_scaffold11_canu.ovlStore \
      -Co ./2022_03_29_scaffold11_canu.1.trimReads.clear \
      -e  0.045 \
      -minlength 1000 \
      -ol 500 \
      -oc 2 \
      -o  ./2022_03_29_scaffold11_canu.1.trimReads \
    >     ./2022_03_29_scaffold11_canu.1.trimReads.err 2>&1

-- Finished on Wed Mar 30 23:25:12 2022 (14 seconds) with 15701.458 GB free disk space
----------------------------------------
--  PARAMETERS:
--  ----------
--     1000    (reads trimmed below this many bases are deleted)
--   0.0450    (use overlaps at or below this fraction error)
--      500    (break region if overlap is less than this long, for 'largest covered' algorithm)
--        2    (break region if overlap coverage is less than this many reads, for 'largest covered' algorithm)
--  
--  INPUT READS:
--  -----------
--  245450 reads    797099763 bases (reads processed)
--       0 reads            0 bases (reads not processed, previously deleted)
--       0 reads            0 bases (reads not processed, in a library where trimming isn't allowed)
--  
--  OUTPUT READS:
--  ------------
--   56784 reads    475123267 bases (trimmed reads output)
--   30197 reads    284703575 bases (reads with no change, kept as is)
--  157297 reads      1270529 bases (reads with no overlaps, deleted)
--    1172 reads      4430262 bases (reads with short trimmed length, deleted)
--  
--  TRIMMING DETAILS:
--  ----------------
--   39559 reads     15842915 bases (bases trimmed from the 5' end of a read)
--   35910 reads     15729215 bases (bases trimmed from the 3' end of a read)
-- Finished stage 'obt-trimReads', reset canuIteration.
----------------------------------------
-- Starting command on Wed Mar 30 23:25:12 2022 with 15701.458 GB free disk space

    cd trimming/3-overlapbasedtrimming
    /sw/bioinfo/canu/2.2/rackham/bin/splitReads \
      -S  ../../2022_03_29_scaffold11_canu.seqStore \
      -O  ../2022_03_29_scaffold11_canu.ovlStore \
      -Ci ./2022_03_29_scaffold11_canu.1.trimReads.clear \
      -Co ./2022_03_29_scaffold11_canu.2.splitReads.clear \
      -e  0.045 \
      -minlength 1000 \
      -o  ./2022_03_29_scaffold11_canu.2.splitReads \
    >     ./2022_03_29_scaffold11_canu.2.splitReads.err 2>&1

-- Finished on Wed Mar 30 23:25:20 2022 (8 seconds) with 15701.36 GB free disk space
----------------------------------------
--  PARAMETERS:
--  ----------
--     1000    (reads trimmed below this many bases are deleted)
--   0.0450    (use overlaps at or below this fraction error)
--  INPUT READS:
--  -----------
--   86981 reads    791398972 bases (reads processed)
--  158469 reads      5700791 bases (reads not processed, previously deleted)
--       0 reads            0 bases (reads not processed, in a library where trimming isn't allowed)
--  
--  PROCESSED:
--  --------
--       0 reads            0 bases (no overlaps)
--      31 reads       139233 bases (no coverage after adjusting for trimming done already)
--       0 reads            0 bases (processed for chimera)
--       0 reads            0 bases (processed for spur)
--   86950 reads    791259739 bases (processed for subreads)
--  
--  READS WITH SIGNALS:
--  ------------------
--       0 reads            0 signals (number of 5' spur signal)
--       0 reads            0 signals (number of 3' spur signal)
--       0 reads            0 signals (number of chimera signal)
--      13 reads           14 signals (number of subread signal)
--  
--  SIGNALS:
--  -------
--       0 reads            0 bases (size of 5' spur signal)
--       0 reads            0 bases (size of 3' spur signal)
--       0 reads            0 bases (size of chimera signal)
--      14 reads         3121 bases (size of subread signal)
--  
--  TRIMMING:
--  --------
--       4 reads        19360 bases (trimmed from the 5' end of the read)
--       9 reads        45690 bases (trimmed from the 3' end of the read)
-- Finished stage 'obt-splitReads', reset canuIteration.
----------------------------------------
-- Starting command on Wed Mar 30 23:25:20 2022 with 15701.36 GB free disk space

    cd trimming/3-overlapbasedtrimming
    /sw/bioinfo/canu/2.2/rackham/bin/loadTrimmedReads \
      -S ../../2022_03_29_scaffold11_canu.seqStore \
      -c ./2022_03_29_scaffold11_canu.2.splitReads.clear \
    > ./2022_03_29_scaffold11_canu.loadTrimmedReads.err 2>&1

-- Finished on Wed Mar 30 23:25:25 2022 (5 seconds) with 15701.336 GB free disk space
----------------------------------------
--
-- In sequence store './2022_03_29_scaffold11_canu.seqStore':
--   Found 86981 reads.
--   Found 759761792 bases (33.03 times coverage).
--    Histogram of corrected-trimmed reads:
--    
--    G=759761792                        sum of  ||               length     num
--    NG         length     index       lengths  ||                range    seqs
--    ----- ------------ --------- ------------  ||  ------------------- -------
--    00010        15631      4157     75979367  ||       1000-1685         1259|----------
--    00020        13133      9498    151958684  ||       1686-2371         1174|---------
--    00030        11541     15688    227928789  ||       2372-3057         1259|----------
--    00040        10407     22634    303909995  ||       3058-3743         1482|------------
--    00050         9510     30279    379888318  ||       3744-4429         1789|--------------
--    00060         8687     38638    455859157  ||       4430-5115         2377|------------------
--    00070         7873     47818    531834799  ||       5116-5801         5223|----------------------------------------
--    00080         6984     58047    607811466  ||       5802-6487         8337|---------------------------------------------------------------
--    00090         6017     69732    683787497  ||       6488-7173         8251|---------------------------------------------------------------
--    00100         1000     86980    759761792  ||       7174-7859         7854|------------------------------------------------------------
--    001.000x               86981    759761792  ||       7860-8545         7843|------------------------------------------------------------
--                                               ||       8546-9231         7155|-------------------------------------------------------
--                                               ||       9232-9917         6445|-------------------------------------------------
--                                               ||       9918-10603        5292|----------------------------------------
--                                               ||      10604-11289        4232|--------------------------------
--                                               ||      11290-11975        3282|-------------------------
--                                               ||      11976-12661        2729|---------------------
--                                               ||      12662-13347        2136|-----------------
--                                               ||      13348-14033        1729|--------------
--                                               ||      14034-14719        1493|------------
--                                               ||      14720-15405        1152|---------
--                                               ||      15406-16091         925|-------
--                                               ||      16092-16777         789|------
--                                               ||      16778-17463         655|-----
--                                               ||      17464-18149         509|----
--                                               ||      18150-18835         349|---
--                                               ||      18836-19521         296|---
--                                               ||      19522-20207         218|--
--                                               ||      20208-20893         168|--
--                                               ||      20894-21579         142|--
--                                               ||      21580-22265         113|-
--                                               ||      22266-22951          83|-
--                                               ||      22952-23637          63|-
--                                               ||      23638-24323          57|-
--                                               ||      24324-25009          32|-
--                                               ||      25010-25695          30|-
--                                               ||      25696-26381          17|-
--                                               ||      26382-27067           5|-
--                                               ||      27068-27753           8|-
--                                               ||      27754-28439           8|-
--                                               ||      28440-29125           2|-
--                                               ||      29126-29811           5|-
--                                               ||      29812-30497           5|-
--                                               ||      30498-31183           4|-
--                                               ||      31184-31869           3|-
--                                               ||      31870-32555           0|
--                                               ||      32556-33241           0|
--                                               ||      33242-33927           1|-
--                                               ||      33928-34613           0|
--                                               ||      34614-35299           1|-
--    
--
-- No trimmed reads generated, overlaps used for trimming saved.
-- Finished stage 'obt-dumpReads', reset canuIteration.
----------------------------------------
-- Starting command on Wed Mar 30 23:25:26 2022 with 15701.335 GB free disk space

    cd .
    /sw/bioinfo/canu/2.2/rackham/bin/sqStoreDumpFASTQ \
      -trimmed \
      -S ./2022_03_29_scaffold11_canu.seqStore \
      -o ./2022_03_29_scaffold11_canu.trimmedReads.gz \
      -fasta \
      -trimmed -normal -nolibname \
    > ./2022_03_29_scaffold11_canu.trimmedReads.fasta.err 2>&1

-- Finished on Wed Mar 30 23:25:48 2022 (22 seconds) with 15701.034 GB free disk space
----------------------------------------
--
-- Trimmed reads saved in '2022_03_29_scaffold11_canu.trimmedReads.fasta.gz'.
-- Finished stage 'cor-dumpTrimmedReads', reset canuIteration.
--
-- BEGIN ASSEMBLY
----------------------------------------
-- Starting command on Wed Mar 30 23:25:48 2022 with 15701.034 GB free disk space

    cd unitigging/0-mercounts
    ./meryl-configure.sh \
    > ./meryl-configure.err 2>&1

-- Finished on Wed Mar 30 23:25:49 2022 (one second) with 15701.033 GB free disk space
----------------------------------------
--  segments   memory batches
--  -------- -------- -------
--        01  2.78 GB       2
--        02  1.51 GB       2
--        04  0.76 GB       2
--        06  0.51 GB       2
--
--  For 86981 reads with 759761792 bases, limit to 7 batches.
--  Will count kmers using 01 jobs, each using 4 GB and 4 threads.
--
-- Finished stage 'merylConfigure', reset canuIteration.
--
-- Running jobs.  First attempt out of 2.
----------------------------------------
-- Starting 'meryl' concurrent execution on Wed Mar 30 23:25:49 2022 with 15701.033 GB free disk space (1 processes; 1 concurrently)

    cd unitigging/0-mercounts
    ./meryl-count.sh 1 > ./meryl-count.000001.out 2>&1

-- Finished on Wed Mar 30 23:27:29 2022 (100 seconds) with 15699.832 GB free disk space
----------------------------------------
-- Found 1 Kmer counting (meryl) outputs.
-- Finished stage 'utg-merylCountCheck', reset canuIteration.
--
-- Running jobs.  First attempt out of 2.
----------------------------------------
-- Starting 'meryl' concurrent execution on Wed Mar 30 23:27:29 2022 with 15699.832 GB free disk space (1 processes; 1 concurrently)

    cd unitigging/0-mercounts
    ./meryl-process.sh 1 > ./meryl-process.000001.out 2>&1

-- Finished on Wed Mar 30 23:27:38 2022 (9 seconds) with 15699.565 GB free disk space
----------------------------------------
-- Meryl finished successfully.  Kmer frequency histogram:
--
--  22-mers                                                                                           Fraction
--    Occurrences   NumMers                                                                         Unique Total
--       1-     1         0                                                                        0.0000 0.0000
--       2-     2   6249752 **************************************                                 0.1573 0.0174
--       3-     7   9226331 ********************************************************               0.2338 0.0300
--       8-    16   7908781 ************************************************                       0.4152 0.0865
--      17-    29  11471784 ********************************************************************** 0.6123 0.2281
--      30-    46   3859779 ***********************                                                0.8918 0.5898
--      47-    67    428616 **                                                                     0.9757 0.7542
--      68-    92    173952 *                                                                      0.9858 0.7854
--      93-   121     98506                                                                        0.9900 0.8038
--     122-   154     61347                                                                        0.9924 0.8181
--     155-   191     47194                                                                        0.9940 0.8298
--     192-   232     32227                                                                        0.9951 0.8408
--     233-   277     28439                                                                        0.9959 0.8503
--     278-   326     29501                                                                        0.9967 0.8604
--     327-   379     23383                                                                        0.9974 0.8727
--     380-   436     21161                                                                        0.9980 0.8841
--     437-   497     17945                                                                        0.9985 0.8961
--     498-   562     11307                                                                        0.9990 0.9076
--     563-   631      4663                                                                        0.9992 0.9158
--     632-   704      2949                                                                        0.9994 0.9196
--     705-   781      1345                                                                        0.9994 0.9223
--     782-   862       824                                                                        0.9995 0.9237
--     863-   947       619                                                                        0.9995 0.9246
--     948-  1036       622                                                                        0.9995 0.9254
--    1037-  1129       755                                                                        0.9995 0.9263
--    1130-  1226       617                                                                        0.9995 0.9274
--    1227-  1327       655                                                                        0.9996 0.9284
--    1328-  1432       653                                                                        0.9996 0.9296
--    1433-  1541       518                                                                        0.9996 0.9308
--    1542-  1654       525                                                                        0.9996 0.9319
--    1655-  1771       518                                                                        0.9996 0.9330
--    1772-  1892       541                                                                        0.9996 0.9343
--    1893-  2017       585                                                                        0.9996 0.9357
--    2018-  2146       671                                                                        0.9997 0.9373
--    2147-  2279       702                                                                        0.9997 0.9392
--    2280-  2416       924                                                                        0.9997 0.9414
--    2417-  2557       580                                                                        0.9997 0.9444
--    2558-  2702       699                                                                        0.9997 0.9464
--    2703-  2851       872                                                                        0.9997 0.9489
--    2852-  3004       974                                                                        0.9998 0.9523
--    3005-  3161      1116                                                                        0.9998 0.9563
--
--           0 (max occurrences)
--   720026944 (total mers, non-unique)
--    39720014 (distinct mers, non-unique)
--           0 (unique mers)
-- Finished stage 'meryl-process', reset canuIteration.
--
-- Removing meryl database 'unitigging/0-mercounts/2022_03_29_scaffold11_canu.ms22'.
--
-- OVERLAPPER (normal) (assembly) erate=0.045
--
----------------------------------------
-- Starting command on Wed Mar 30 23:27:38 2022 with 15699.565 GB free disk space

    cd unitigging/1-overlapper
    /sw/bioinfo/canu/2.2/rackham/bin/overlapInCorePartition \
     -S  ../../2022_03_29_scaffold11_canu.seqStore \
     -hl 80000000 \
     -rl 1000000000 \
     -ol 500 \
     -o  ./2022_03_29_scaffold11_canu.partition \
    > ./2022_03_29_scaffold11_canu.partition.err 2>&1

-- Finished on Wed Mar 30 23:27:38 2022 (furiously fast) with 15699.565 GB free disk space
----------------------------------------
--
-- Configured 10 overlapInCore jobs.
-- Finished stage 'utg-overlapConfigure', reset canuIteration.
--
-- Running jobs.  First attempt out of 2.
----------------------------------------
-- Starting 'utgovl' concurrent execution on Wed Mar 30 23:27:38 2022 with 15699.565 GB free disk space (10 processes; 1 concurrently)

    cd unitigging/1-overlapper
    ./overlap.sh 1 > ./overlap.000001.out 2>&1
    ./overlap.sh 2 > ./overlap.000002.out 2>&1
    ./overlap.sh 3 > ./overlap.000003.out 2>&1
    ./overlap.sh 4 > ./overlap.000004.out 2>&1
    ./overlap.sh 5 > ./overlap.000005.out 2>&1
    ./overlap.sh 6 > ./overlap.000006.out 2>&1
    ./overlap.sh 7 > ./overlap.000007.out 2>&1
    ./overlap.sh 8 > ./overlap.000008.out 2>&1
    ./overlap.sh 9 > ./overlap.000009.out 2>&1
    ./overlap.sh 10 > ./overlap.000010.out 2>&1

-- Finished on Thu Mar 31 00:34:06 2022 (3988 seconds) with 15775.621 GB free disk space
----------------------------------------
-- Found 10 overlapInCore output files.
--
-- overlapInCore compute 'unitigging/1-overlapper':
--   kmer hits
--     with no overlap        117773843  11777384.3 +- 7985817.777
--     with an overlap         11947869   1194786.9 +- 1785289.785
--
--   overlaps                  11947869   1194786.9 +- 1785289.785
--     contained                4198064    419806.4 +- 670963.413
--     dovetail                 7749805    774980.5 +- 1114410.381
--
--   overlaps rejected
--     multiple per pair              0           0 +- 0
--     bad short window               0           0 +- 0
--     bad long window                0           0 +- 0
-- Finished stage 'utg-overlapCheck', reset canuIteration.
----------------------------------------
-- Starting command on Thu Mar 31 00:34:06 2022 with 15775.621 GB free disk space

    cd unitigging
    /sw/bioinfo/canu/2.2/rackham/bin/ovStoreConfig \
     -S ../2022_03_29_scaffold11_canu.seqStore \
     -M 4 \
     -L ./1-overlapper/ovljob.files \
     -create ./2022_03_29_scaffold11_canu.ovlStore.config \
     > ./2022_03_29_scaffold11_canu.ovlStore.config.txt \
    2> ./2022_03_29_scaffold11_canu.ovlStore.config.err

-- Finished on Thu Mar 31 00:34:06 2022 (furiously fast) with 15775.62 GB free disk space
----------------------------------------
--
-- Creating overlap store unitigging/2022_03_29_scaffold11_canu.ovlStore using:
--      2 buckets
--      2 slices
--        using at most 2 GB memory each
-- Finished stage 'utg-overlapStoreConfigure', reset canuIteration.
--
-- Running jobs.  First attempt out of 2.
----------------------------------------
-- Starting 'ovB' concurrent execution on Thu Mar 31 00:34:06 2022 with 15775.62 GB free disk space (2 processes; 4 concurrently)

    cd unitigging/2022_03_29_scaffold11_canu.ovlStore.BUILDING
    ./scripts/1-bucketize.sh 1 > ./logs/1-bucketize.000001.out 2>&1
    ./scripts/1-bucketize.sh 2 > ./logs/1-bucketize.000002.out 2>&1

-- Finished on Thu Mar 31 00:34:13 2022 (7 seconds) with 15775.228 GB free disk space
----------------------------------------
-- Overlap store bucketizer finished.
-- Finished stage 'utg-overlapStoreBucketizerCheck', reset canuIteration.
--
-- Running jobs.  First attempt out of 2.
----------------------------------------
-- Starting 'ovS' concurrent execution on Thu Mar 31 00:34:13 2022 with 15775.228 GB free disk space (2 processes; 4 concurrently)

    cd unitigging/2022_03_29_scaffold11_canu.ovlStore.BUILDING
    ./scripts/2-sort.sh 1 > ./logs/2-sort.000001.out 2>&1
    ./scripts/2-sort.sh 2 > ./logs/2-sort.000002.out 2>&1

-- Finished on Thu Mar 31 00:34:25 2022 (12 seconds) with 15774.734 GB free disk space
----------------------------------------
-- Overlap store sorter finished.
-- Finished stage 'utg-overlapStoreSorterCheck', reset canuIteration.
----------------------------------------
-- Starting command on Thu Mar 31 00:34:25 2022 with 15774.734 GB free disk space

    cd unitigging
    /sw/bioinfo/canu/2.2/rackham/bin/ovStoreIndexer \
      -O  ./2022_03_29_scaffold11_canu.ovlStore.BUILDING \
      -S ../2022_03_29_scaffold11_canu.seqStore \
      -C  ./2022_03_29_scaffold11_canu.ovlStore.config \
      -delete \
    > ./2022_03_29_scaffold11_canu.ovlStore.BUILDING.index.err 2>&1

-- Finished on Thu Mar 31 00:34:25 2022 (lickety-split) with 15774.713 GB free disk space
----------------------------------------
-- Overlap store indexer finished.
-- Checking store.
----------------------------------------
-- Starting command on Thu Mar 31 00:34:25 2022 with 15774.713 GB free disk space

    cd unitigging
    /sw/bioinfo/canu/2.2/rackham/bin/ovStoreDump \
     -S ../2022_03_29_scaffold11_canu.seqStore \
     -O  ./2022_03_29_scaffold11_canu.ovlStore \
     -counts \
     > ./2022_03_29_scaffold11_canu.ovlStore/counts.dat 2> ./2022_03_29_scaffold11_canu.ovlStore/counts.err

-- Finished on Thu Mar 31 00:34:25 2022 (like a bat out of hell) with 15774.711 GB free disk space
----------------------------------------
--
-- Overlap store 'unitigging/2022_03_29_scaffold11_canu.ovlStore' successfully constructed.
-- Found 23895738 overlaps for 86942 reads; 158508 reads have no overlaps.
--
--
-- Purged 0.213 GB in 30 overlap output files.
----------------------------------------
-- Starting command on Thu Mar 31 00:34:25 2022 with 15774.71 GB free disk space

    cd unitigging
    /sw/bioinfo/canu/2.2/rackham/bin/ovStoreStats \
     -C 33.03 \
     -S ../2022_03_29_scaffold11_canu.seqStore \
     -O  ./2022_03_29_scaffold11_canu.ovlStore \
     -o  ./2022_03_29_scaffold11_canu.ovlStore \
     > ./2022_03_29_scaffold11_canu.ovlStore.summary.err 2>&1

-- Finished on Thu Mar 31 00:34:30 2022 (5 seconds) with 15774.74 GB free disk space
----------------------------------------
--
-- Overlap store 'unitigging/2022_03_29_scaffold11_canu.ovlStore' contains:
--
--   category            reads     %          read length        feature size or coverage  analysis
--   ----------------  -------  -------  ----------------------  ------------------------  --------------------
--   middle-missing         50    0.06     8794.80 +- 3533.73        716.40 +- 784.97     (bad trimming)
--   middle-hump           272    0.31     6038.43 +- 3058.99        238.15 +- 528.35     (bad trimming)
--   no-5-prime           1133    1.30     7467.54 +- 3640.08        195.39 +- 411.43     (bad trimming)
--   no-3-prime            566    0.65     7844.43 +- 3783.39        198.88 +- 430.29     (bad trimming)
--   
--   low-coverage         5541    6.37     5549.58 +- 2668.46          6.14 +- 2.46       (easy to assemble, potential for lower quality consensus)
--   unique              47317   54.40     8689.67 +- 3239.98         26.66 +- 7.12       (easy to assemble, perfect, yay)
--   repeat-cont         12383   14.24     9322.36 +- 3856.59       1064.19 +- 843.14     (potential for consensus errors, no impact on assembly)
--   repeat-dove            17    0.02    21099.65 +- 3304.48        360.97 +- 349.07     (hard to assemble, likely won't assemble correctly or even at all)
--   
--   span-repeat          6129    7.05     9790.52 +- 3811.32       3029.69 +- 2884.97    (read spans a large repeat, usually easy to assemble)
--   uniq-repeat-cont    10861   12.49     8619.65 +- 3590.04                             (should be uniquely placed, low potential for consensus errors, no impact on assembly)
--   uniq-repeat-dove     2643    3.04    12516.45 +- 4096.31                             (will end contigs, potential to misassemble)
--   uniq-anchor            30    0.03     8996.30 +- 2542.28       2935.60 +- 2337.57    (repeat read, with unique section, probable bad read)
-- Finished stage 'utg-createOverlapStore', reset canuIteration.
--
-- Loading read lengths.
-- Loading number of overlaps per read.
--
-- Configure RED for 16gb memory.
--                   Batches of at most (unlimited) reads.
--                                      500000000 bases.
--                   Expecting evidence of at most 536870912 bases per iteration.
--
--           Total                                               Reads                 Olaps Evidence
--    Job   Memory      Read Range         Reads        Bases   Memory        Olaps   Memory   Memory  (Memory in MB)
--   ---- -------- ------------------- --------- ------------ -------- ------------ -------- --------
--      1 16385.31         1-39205         12978    108964699 13301.76      1008758    11.54  1024.00
--      2 16385.01     39206-75482         11626    107409160 13111.84     17578716   201.17  1024.00
--      3 16384.40     75483-109821        13077    109003795 13306.54       512550     5.87  1024.00
--      4 16384.23    109822-142705        12638    108975017 13303.01       805826     9.22  1024.00
--      5 16384.71    142706-180736        13208    108957627 13300.91      1030919    11.80  1024.00
--      6 16384.53    180737-212484        12496    108946389 13299.51      1137782    13.02  1024.00
--      7 16384.88    212485-244055        12032    108887039 13292.25      1802406    20.63  1024.00
--      8  3599.43    244056-245450          501      4318857   527.22        18781     0.21  1024.00
--   ---- -------- ------------------- --------- ------------ -------- ------------ -------- --------
--                                                  765462583              23895738
-- Finished stage 'readErrorDetectionConfigure', reset canuIteration.
--
-- Running jobs.  First attempt out of 2.
----------------------------------------
-- Starting 'red' concurrent execution on Thu Mar 31 00:34:32 2022 with 15774.74 GB free disk space (8 processes; 1 concurrently)

    cd unitigging/3-overlapErrorAdjustment
    ./red.sh 1 > ./red.000001.out 2>&1
    ./red.sh 2 > ./red.000002.out 2>&1
    ./red.sh 3 > ./red.000003.out 2>&1
    ./red.sh 4 > ./red.000004.out 2>&1
    ./red.sh 5 > ./red.000005.out 2>&1
    ./red.sh 6 > ./red.000006.out 2>&1
    ./red.sh 7 > ./red.000007.out 2>&1
    ./red.sh 8 > ./red.000008.out 2>&1

-- Finished on Thu Mar 31 00:59:29 2022 (1497 seconds) with 15764.921 GB free disk space
----------------------------------------
-- Found 8 read error detection output files.
-- Finished stage 'readErrorDetectionCheck', reset canuIteration.
--
-- Loading read lengths.
-- Loading number of overlaps per read.
--
-- Configure OEA for 8gb memory.
--                   Batches of at most (unlimited) reads.
--                                      300000000 bases.
--
--           Total                                               Reads                 Olaps  Adjusts
--    Job   Memory      Read Range         Reads        Bases   Memory        Olaps   Memory   Memory  (Memory in MB)
--   ---- -------- ------------------- --------- ------------ -------- ------------ -------- --------
--      1  3303.87         1-101604        34597    300000576   295.16     18985329   579.39   381.33
--      2  2799.29    101605-196864        35347    300003874   295.18      2450343    74.78   381.33
--      3  2670.77    196865-245450        18612    165458133   166.36      2460066    75.08   381.33
--   ---- -------- ------------------- --------- ------------ -------- ------------ -------- --------
--                                                  765462583              23895738
-- Finished stage 'overlapErrorAdjustmentConfigure', reset canuIteration.
--
-- Running jobs.  First attempt out of 2.
----------------------------------------
-- Starting 'oea' concurrent execution on Thu Mar 31 00:59:32 2022 with 15764.899 GB free disk space (3 processes; 4 concurrently)

    cd unitigging/3-overlapErrorAdjustment
    ./oea.sh 1 > ./oea.000001.out 2>&1
    ./oea.sh 2 > ./oea.000002.out 2>&1
    ./oea.sh 3 > ./oea.000003.out 2>&1

-- Finished on Thu Mar 31 01:42:14 2022 (2562 seconds) with 15755.922 GB free disk space
----------------------------------------
-- Found 3 overlap error adjustment output files.
-- Finished stage 'overlapErrorAdjustmentCheck', reset canuIteration.
----------------------------------------
-- Starting command on Thu Mar 31 01:42:14 2022 with 15755.921 GB free disk space

    cd unitigging/3-overlapErrorAdjustment
    /sw/bioinfo/canu/2.2/rackham/bin/loadErates \
      -S ../../2022_03_29_scaffold11_canu.seqStore \
      -O ../2022_03_29_scaffold11_canu.ovlStore \
      -L ./oea.files \
    > ./oea.apply.err 2>&1

-- Finished on Thu Mar 31 01:42:15 2022 (one second) with 15755.877 GB free disk space
----------------------------------------
-- No report available.
-- Finished stage 'updateOverlapStore', reset canuIteration.
-- Finished stage 'unitig', reset canuIteration.
--
-- Running jobs.  First attempt out of 2.
----------------------------------------
-- Starting 'bat' concurrent execution on Thu Mar 31 01:42:15 2022 with 15755.876 GB free disk space (1 processes; 1 concurrently)

    cd unitigging/4-unitigger
    ./unitigger.sh 1 > ./unitigger.000001.out 2>&1

-- Finished on Thu Mar 31 01:42:34 2022 (19 seconds) with 15755.664 GB free disk space
----------------------------------------
-- Unitigger finished successfully.
--  
--  ERROR RATES
--  -----------
--                                                   --------threshold------
--  96670                        fraction error      fraction        percent
--  samples                              (1e-5)         error          error
--                   --------------------------      --------       --------
--  command line (-eg)                           ->   4500.00        4.5000%
--  command line (-ef)                           ->  -----.--      ---.----%
--  command line (-eM)                           ->   4500.00        4.5000%
--  mean + std.dev     360.97 +-  12 *   453.34  ->   5801.07        5.8011%
--  median + mad       228.00 +-  12 *   162.00  ->   3110.17        3.1102%  (enabled)
--  90th percentile                              ->    813.00        0.8130%
--  
--  BEST EDGE FILTERING
--  -------------------
--  At graph threshold 4.5000%, reads:
--    available to have edges:        11930
--    with at least one edge:         11554
--  
--  At max threshold 4.5000%, reads:  (not computed)
--    available to have edges:            0
--    with at least one edge:             0
--  
--  At tight threshold 3.1102%, reads with:
--    both edges below error threshold:     11295  (80.00% minReadsBest threshold = 9243)
--    one  edge  above error threshold:       249
--    both edges above error threshold:        10
--    at least one edge:                    11554
--  
--  At loose threshold 4.5000%, reads with:
--    both edges below error threshold:     11554  (80.00% minReadsBest threshold = 9243)
--    one  edge  above error threshold:         0
--    both edges above error threshold:         0
--    at least one edge:                    11554
--  
--  
--  INITIAL EDGES
--  -------- ----------------------------------------
--     71909 reads are contained
--    161865 reads have no best edges (singleton)
--      1789 reads have only one best edge (spur) 
--               1730 are mutual best
--      9887 reads have two best edges 
--                594 have one mutual best edge
--               9228 have two mutual best edges
--  
--  
--  FINAL EDGES
--  -------- ----------------------------------------
--     71909 reads are contained
--    161999 reads have no best edges (singleton)
--      1841 reads have only one best edge (spur) 
--               1810 are mutual best
--      9701 reads have two best edges 
--                450 have one mutual best edge
--               9197 have two mutual best edges
--  
--  
--  EDGE FILTERING
--  -------- ------------------------------------------
--         0 reads are ignored
--      2982 reads have a gap in overlap coverage
--        64 reads have lopsided best edges
-- Found, in version 1, after unitig construction:
--   contigs:      651 sequences, total length 30933802 bp (including 35 repeats of total length 569387 bp).
--   bubbles:      85 sequences, total length 1710543 bp.
--   unassembled:  6574 sequences, total length 43122484 bp.
--
-- Contig sizes based on genome size 23mbp:
--
--            NG (bp)  LG (contigs)    sum (bp)
--         ----------  ------------  ----------
--     10     2006461             2     4155230
--     20     1439960             3     5595190
--     30     1333615             4     6928805
--     40      697183             7     9293078
--     50      357590            12    11747946
--     60      308492            19    14015760
--     70      214814            28    16290507
--     80      151372            40    18432318
--     90       84866            62    20736632
--    100       36570           107    23000132
--    110       21789           192    25306307
--    120       15145           318    27606896
--    130        9982           508    29904325
--
-- Finished stage 'unitigCheck', reset canuIteration.
----------------------------------------
-- Starting command on Thu Mar 31 01:42:34 2022 with 15755.664 GB free disk space

    cd unitigging
    /sw/bioinfo/canu/2.2/rackham/bin/utgcns \
      -S ../2022_03_29_scaffold11_canu.seqStore \
      -T  ./2022_03_29_scaffold11_canu.ctgStore 1 \
      -partition 0.8 1 0.1 \
    > ./2022_03_29_scaffold11_canu.ctgStore/partitioning.log 2>&1

-- Finished on Thu Mar 31 01:42:43 2022 (9 seconds) with 15755.24 GB free disk space
----------------------------------------
-- Using slow alignment for consensus (iteration '0').
-- Configured 7 consensus jobs.
-- Finished stage 'consensusConfigure', reset canuIteration.
--
-- Local: cns        2.500 GB    4 CPUs x   1 job      2.500 GB   4 CPUs  (consensus)
--
--
-- Running jobs.  First attempt out of 2.
----------------------------------------
-- Starting 'cns' concurrent execution on Thu Mar 31 01:42:44 2022 with 15755.24 GB free disk space (7 processes; 1 concurrently)

    cd unitigging/5-consensus
    ./consensus.sh 1 > ./consensus.000001.out 2>&1
    ./consensus.sh 2 > ./consensus.000002.out 2>&1
    ./consensus.sh 3 > ./consensus.000003.out 2>&1
    ./consensus.sh 4 > ./consensus.000004.out 2>&1
    ./consensus.sh 5 > ./consensus.000005.out 2>&1
    ./consensus.sh 6 > ./consensus.000006.out 2>&1
    ./consensus.sh 7 > ./consensus.000007.out 2>&1

-- Finished on Thu Mar 31 01:52:47 2022 (603 seconds) with 15751.782 GB free disk space
----------------------------------------
-- Using slow alignment for consensus (iteration '1').
-- Configured 7 consensus jobs.
-- All 7 consensus jobs finished successfully.
-- Finished stage 'consensusCheck', reset canuIteration.
-- Using slow alignment for consensus (iteration '0').
-- Configured 7 consensus jobs.
----------------------------------------
-- Starting command on Thu Mar 31 01:52:47 2022 with 15751.782 GB free disk space

    cd unitigging
    /sw/bioinfo/canu/2.2/rackham/bin/tgStoreLoad \
      -S ../2022_03_29_scaffold11_canu.seqStore \
      -T  ./2022_03_29_scaffold11_canu.ctgStore 2 \
      -L ./5-consensus/ctgcns.files \
    > ./5-consensus/ctgcns.files.ctgStoreLoad.err 2>&1

-- Finished on Thu Mar 31 01:52:58 2022 (11 seconds) with 15751.596 GB free disk space
----------------------------------------
-- Purging consensus output after loading to ctgStore.
-- Purged 7 .cns outputs.
----------------------------------------
-- Starting command on Thu Mar 31 01:52:58 2022 with 15751.596 GB free disk space

    cd unitigging
    /sw/bioinfo/canu/2.2/rackham/bin/tgStoreDump \
      -S ../2022_03_29_scaffold11_canu.seqStore \
      -T ./2022_03_29_scaffold11_canu.ctgStore 2 \
      -sizes -s 23000000 \
    > ./2022_03_29_scaffold11_canu.ctgStore/seqDB.v002.sizes.txt

-- Finished on Thu Mar 31 01:53:06 2022 (8 seconds) with 15751.615 GB free disk space
----------------------------------------
-- Found, in version 2, after consensus generation:
--   contigs:      651 sequences, total length 30837992 bp (including 35 repeats of total length 562509 bp).
--   bubbles:      85 sequences, total length 1707103 bp.
--   unassembled:  6574 sequences, total length 43122408 bp.
--
-- Contig sizes based on genome size 23mbp:
--
--            NG (bp)  LG (contigs)    sum (bp)
--         ----------  ------------  ----------
--     10     2001716             2     4145684
--     20     1436378             3     5582062
--     30     1330370             4     6912432
--     40      695861             7     9271779
--     50      356178            12    11719433
--     60      307551            19    13982251
--     70      214404            28    16252244
--     80      143423            41    18531532
--     90       76526            63    20764287
--    100       35443           109    23015875
--    110       21585           195    25305312
--    120       14824           323    27607962
--    130        9645           517    29905261
--
-- Finished stage 'consensusLoad', reset canuIteration.
----------------------------------------
-- Starting command on Thu Mar 31 01:53:06 2022 with 15751.614 GB free disk space

    cd .
    /sw/bioinfo/canu/2.2/rackham/bin/tgStoreDump \
      -S ./2022_03_29_scaffold11_canu.seqStore \
      -T ./unitigging/2022_03_29_scaffold11_canu.ctgStore 2 \
      -o ./2022_03_29_scaffold11_canu.contigs \
      -layout \
    > ./2022_03_29_scaffold11_canu.contigs.layout.err 2>&1

-- Finished on Thu Mar 31 01:53:15 2022 (9 seconds) with 15751.526 GB free disk space
----------------------------------------
----------------------------------------
-- Starting command on Thu Mar 31 01:53:15 2022 with 15751.526 GB free disk space

    cd .
    /sw/bioinfo/canu/2.2/rackham/bin/tgStoreDump \
      -S ./2022_03_29_scaffold11_canu.seqStore \
      -T ./unitigging/2022_03_29_scaffold11_canu.ctgStore 2 \
      -consensus -fasta \
      -unassembled \
    > ./2022_03_29_scaffold11_canu.unassembled.fasta
    2> ./2022_03_29_scaffold11_canu.unassembled.err

-- Finished on Thu Mar 31 01:53:24 2022 (9 seconds) with 15751.433 GB free disk space
----------------------------------------
----------------------------------------
-- Starting command on Thu Mar 31 01:53:24 2022 with 15751.433 GB free disk space

    cd .
    /sw/bioinfo/canu/2.2/rackham/bin/tgStoreDump \
      -S ./2022_03_29_scaffold11_canu.seqStore \
      -T ./unitigging/2022_03_29_scaffold11_canu.ctgStore 2 \
      -consensus -fasta \
      -contigs \
    > ./2022_03_29_scaffold11_canu.contigs.fasta
    2> ./2022_03_29_scaffold11_canu.contigs.err

-- Finished on Thu Mar 31 01:53:33 2022 (9 seconds) with 15751.16 GB free disk space
----------------------------------------
-- Finished stage 'generateOutputs', reset canuIteration.
--
-- Assembly '2022_03_29_scaffold11_canu' finished in '/domus/h1/hychim/private/UU_GenomeAnalysis/result/genome_assembly/PacBio'.
--
-- Summary saved in '2022_03_29_scaffold11_canu.report'.
--
-- Sequences saved:
--   Contigs       -> '2022_03_29_scaffold11_canu.contigs.fasta'
--   Unassembled   -> '2022_03_29_scaffold11_canu.unassembled.fasta'
--
-- Read layouts saved:
--   Contigs       -> '2022_03_29_scaffold11_canu.contigs.layout'.
--
-- Bye.
