/home/hychim/private/UU_GenomeAnalysis/result/genome_assembly/quast/quast-5.0.2/quast.py -o /home/hychim/private/UU_GenomeAnalysis/result/genome_assembly/quast/ref_no /home/hychim/private/UU_GenomeAnalysis/result/genome_assembly/pilon/20220408_pilon_out.fasta

Version: 5.0.2, 0bb1dd1b

System information:
  OS: Linux-3.10.0-1160.59.1.el7.x86_64-x86_64-with-centos-7.9.2009-Core (linux_64)
  Python version: 2.7.5
  CPUs number: 16

Started: 2022-04-08 16:31:19

Logging to /home/hychim/private/UU_GenomeAnalysis/result/genome_assembly/quast/ref_no/quast.log
NOTICE: Maximum number of threads is set to 4 (use --threads option to set it manually)

CWD: /domus/h1/hychim/private/UU_GenomeAnalysis/code
Main parameters: 
  MODE: default, threads: 4, minimum contig length: 500, minimum alignment length: 65, \
  ambiguity: one, threshold for extensive misassembly size: 1000

WARNING: Can't draw plots: python-matplotlib is missing or corrupted.

Contigs:
  Pre-processing...
  /home/hychim/private/UU_GenomeAnalysis/result/genome_assembly/pilon/20220408_pilon_out.fasta ==> 20220408_pilon_out

2022-04-08 16:31:22
Running Basic statistics processor...
  Contig files: 
    20220408_pilon_out
  Calculating N50 and L50...
    20220408_pilon_out, N50 = 212879, L50 = 29, Total length = 32512965, GC % = 30.92, # N's per 100 kbp =  0.00
Done.

NOTICE: Genes are not predicted by default. Use --gene-finding or --glimmer option to enable it.

2022-04-08 16:31:24
Creating large visual summaries...
This may take a while: press Ctrl-C to skip this step..
  1 of 1: Creating Icarus viewers...
Done

2022-04-08 16:31:25
RESULTS:
  Text versions of total report are saved to /home/hychim/private/UU_GenomeAnalysis/result/genome_assembly/quast/ref_no/report.txt, report.tsv, and report.tex
  Text versions of transposed total report are saved to /home/hychim/private/UU_GenomeAnalysis/result/genome_assembly/quast/ref_no/transposed_report.txt, transposed_report.tsv, and transposed_report.tex
  HTML version (interactive tables and plots) is saved to /home/hychim/private/UU_GenomeAnalysis/result/genome_assembly/quast/ref_no/report.html
  Icarus (contig browser) is saved to /home/hychim/private/UU_GenomeAnalysis/result/genome_assembly/quast/ref_no/icarus.html
  Log is saved to /home/hychim/private/UU_GenomeAnalysis/result/genome_assembly/quast/ref_no/quast.log

Finished: 2022-04-08 16:31:25
Elapsed time: 0:00:05.539941
NOTICEs: 2; WARNINGs: 1; non-fatal ERRORs: 0

Thank you for using QUAST!
/home/hychim/private/UU_GenomeAnalysis/result/genome_assembly/quast/quast-5.0.2/quast.py -o /home/hychim/private/UU_GenomeAnalysis/result/genome_assembly/quast/ref -r /home/hychim/private/UU_GenomeAnalysis/result/genome_assembly/quast/reference/sequence.fasta /home/hychim/private/UU_GenomeAnalysis/result/genome_assembly/pilon/20220408_pilon_out.fasta

Version: 5.0.2, 0bb1dd1b

System information:
  OS: Linux-3.10.0-1160.59.1.el7.x86_64-x86_64-with-centos-7.9.2009-Core (linux_64)
  Python version: 2.7.5
  CPUs number: 16

Started: 2022-04-08 16:31:25

Logging to /home/hychim/private/UU_GenomeAnalysis/result/genome_assembly/quast/ref/quast.log
NOTICE: Maximum number of threads is set to 4 (use --threads option to set it manually)

CWD: /domus/h1/hychim/private/UU_GenomeAnalysis/code
Main parameters: 
  MODE: default, threads: 4, minimum contig length: 500, minimum alignment length: 65, \
  ambiguity: one, threshold for extensive misassembly size: 1000

WARNING: Can't draw plots: python-matplotlib is missing or corrupted.

Reference:
  /home/hychim/private/UU_GenomeAnalysis/result/genome_assembly/quast/reference/sequence.fasta ==> sequence

Contigs:
  Pre-processing...
  /home/hychim/private/UU_GenomeAnalysis/result/genome_assembly/pilon/20220408_pilon_out.fasta ==> 20220408_pilon_out

2022-04-08 16:31:29
Running Basic statistics processor...
  Reference genome:
    sequence.fasta, length = 23775123, num fragments = 1, GC % = 30.18
  Contig files: 
    20220408_pilon_out
  Calculating N50 and L50...
    20220408_pilon_out, N50 = 212879, L50 = 29, Total length = 32512965, GC % = 30.92, # N's per 100 kbp =  0.00
Done.

2022-04-08 16:31:34
Running Contig analyzer...
Compiling Minimap2 (details are in /domus/h1/hychim/private/UU_GenomeAnalysis/result/genome_assembly/quast/quast-5.0.2/quast_libs/minimap2/make.log and make.err)
  20220408_pilon_out
  Logging to files /home/hychim/private/UU_GenomeAnalysis/result/genome_assembly/quast/ref/contigs_reports/contigs_report_20220408_pilon_out.stdout and contigs_report_20220408_pilon_out.stderr...
  Aligning contigs to the reference
  Analysis is finished.
  Creating total report...
    saved to /home/hychim/private/UU_GenomeAnalysis/result/genome_assembly/quast/ref/contigs_reports/misassemblies_report.txt, misassemblies_report.tsv, and misassemblies_report.tex
  Transposed version of total report...
    saved to /home/hychim/private/UU_GenomeAnalysis/result/genome_assembly/quast/ref/contigs_reports/transposed_report_misassemblies.txt, transposed_report_misassemblies.tsv, and transposed_report_misassemblies.tex
  Creating total report...
    saved to /home/hychim/private/UU_GenomeAnalysis/result/genome_assembly/quast/ref/contigs_reports/unaligned_report.txt, unaligned_report.tsv, and unaligned_report.tex
Done.

2022-04-08 16:33:13
Running NA-NGA calculation...
  20220408_pilon_out, Largest alignment = 1194249, NA50 = 118299, NGA50 = 222331, LA50 = 54, LGA50 = 27
Done.

2022-04-08 16:33:14
Running Genome analyzer...
  NOTICE: No file with genomic features were provided. Use the --features option if you want to specify it.

  NOTICE: No file with operons were provided. Use the -O option if you want to specify it.
  20220408_pilon_out
  Analysis is finished.
Done.

NOTICE: Genes are not predicted by default. Use --gene-finding or --glimmer option to enable it.

2022-04-08 16:33:24
Creating large visual summaries...
This may take a while: press Ctrl-C to skip this step..
  1 of 1: Creating Icarus viewers...
Done

2022-04-08 16:33:25
RESULTS:
  Text versions of total report are saved to /home/hychim/private/UU_GenomeAnalysis/result/genome_assembly/quast/ref/report.txt, report.tsv, and report.tex
  Text versions of transposed total report are saved to /home/hychim/private/UU_GenomeAnalysis/result/genome_assembly/quast/ref/transposed_report.txt, transposed_report.tsv, and transposed_report.tex
  HTML version (interactive tables and plots) is saved to /home/hychim/private/UU_GenomeAnalysis/result/genome_assembly/quast/ref/report.html
  Icarus (contig browser) is saved to /home/hychim/private/UU_GenomeAnalysis/result/genome_assembly/quast/ref/icarus.html
  Log is saved to /home/hychim/private/UU_GenomeAnalysis/result/genome_assembly/quast/ref/quast.log

Finished: 2022-04-08 16:33:25
Elapsed time: 0:02:00.227092
NOTICEs: 4; WARNINGs: 1; non-fatal ERRORs: 0

Thank you for using QUAST!
