	STAR --runThreadN 8 --runMode genomeGenerate --genomeDir /home/hychim/private/UU_GenomeAnalysis/result/genome_assembly/star/genome --genomeFastaFiles /home/hychim/private/UU_GenomeAnalysis/result/genome_assembly/masker/20220408_pilon_out.fasta.masked
	STAR version: 2.7.9a   compiled: 2021-10-20T18:01:41+0200 rackham5.uppmax.uu.se:/sw/bioinfo/star/2.7.9a/src/STAR-2.7.9a/source
Apr 21 09:27:36 ..... started STAR run
Apr 21 09:27:36 ... starting to generate Genome files
!!!!! WARNING: --genomeSAindexNbases 14 is too large for the genome size=32578261, which may cause seg-fault at the mapping step. Re-run genome generation with recommended --genomeSAindexNbases 11
Apr 21 09:27:38 ... starting to sort Suffix Array. This may take a long time...
Apr 21 09:27:39 ... sorting Suffix Array chunks and saving them to disk...
Apr 21 09:27:49 ... loading chunks from disk, packing SA...
Apr 21 09:27:50 ... finished generating suffix array
Apr 21 09:27:50 ... generating Suffix Array index
Apr 21 09:28:03 ... completed Suffix Array index
Apr 21 09:28:03 ... writing Genome to disk ...
Apr 21 09:28:05 ... writing Suffix Array to disk ...
Apr 21 09:28:07 ... writing SAindex to disk
Apr 21 09:28:21 ..... finished successfully
	STAR --runThreadN 8 --twopassMode Basic --genomeDir /home/hychim/private/UU_GenomeAnalysis/result/genome_assembly/star/genome --readFilesIn /home/hychim/private/UU_GenomeAnalysis/result/transcriptome/trimmomatic/SRR6040095_scaffold_11_trimmed_1P /home/hychim/private/UU_GenomeAnalysis/result/transcriptome/trimmomatic/SRR6040095_scaffold_11_trimmed_2P --outFileNamePrefix /home/hychim/private/UU_GenomeAnalysis/result/genome_assembly/star/mapping/SRR6040095_STAR_ --outSAMtype BAM Unsorted
	STAR version: 2.7.9a   compiled: 2021-10-20T18:01:41+0200 rackham5.uppmax.uu.se:/sw/bioinfo/star/2.7.9a/src/STAR-2.7.9a/source
Apr 21 09:28:21 ..... started STAR run
Apr 21 09:28:21 ..... loading genome
Apr 21 09:28:22 ..... started 1st pass mapping
Apr 21 09:28:59 ..... finished 1st pass mapping
Apr 21 09:28:59 ..... inserting junctions into the genome indices
Apr 21 09:29:12 ..... started mapping
Apr 21 09:29:55 ..... finished mapping
Apr 21 09:29:55 ..... finished successfully
	STAR --runThreadN 8 --twopassMode Basic --genomeDir /home/hychim/private/UU_GenomeAnalysis/result/genome_assembly/star/genome --readFilesIn /home/hychim/private/UU_GenomeAnalysis/data/raw_data/transcriptome/trimmed/SRR6040092_scaffold_11.1.fastq.gz /home/hychim/private/UU_GenomeAnalysis/data/raw_data/transcriptome/trimmed/SRR6040092_scaffold_11.2.fastq.gz --readFilesCommand zcat --outFileNamePrefix /home/hychim/private/UU_GenomeAnalysis/result/genome_assembly/star/mapping/SRR6040092_STAR_ --outSAMtype BAM Unsorted
	STAR version: 2.7.9a   compiled: 2021-10-20T18:01:41+0200 rackham5.uppmax.uu.se:/sw/bioinfo/star/2.7.9a/src/STAR-2.7.9a/source
Apr 21 09:29:55 ..... started STAR run
Apr 21 09:29:56 ..... loading genome
Apr 21 09:29:57 ..... started 1st pass mapping
Apr 21 09:30:30 ..... finished 1st pass mapping
Apr 21 09:30:31 ..... inserting junctions into the genome indices
Apr 21 09:30:44 ..... started mapping
Apr 21 09:31:24 ..... finished mapping
Apr 21 09:31:24 ..... finished successfully
	STAR --runThreadN 8 --twopassMode Basic --genomeDir /home/hychim/private/UU_GenomeAnalysis/result/genome_assembly/star/genome --readFilesIn /home/hychim/private/UU_GenomeAnalysis/data/raw_data/transcriptome/trimmed/SRR6040093_scaffold_11.1.fastq.gz /home/hychim/private/UU_GenomeAnalysis/data/raw_data/transcriptome/trimmed/SRR6040093_scaffold_11.2.fastq.gz --readFilesCommand zcat --outFileNamePrefix /home/hychim/private/UU_GenomeAnalysis/result/genome_assembly/star/mapping/SRR6040093_STAR_ --outSAMtype BAM Unsorted
	STAR version: 2.7.9a   compiled: 2021-10-20T18:01:41+0200 rackham5.uppmax.uu.se:/sw/bioinfo/star/2.7.9a/src/STAR-2.7.9a/source
Apr 21 09:31:24 ..... started STAR run
Apr 21 09:31:25 ..... loading genome
Apr 21 09:31:26 ..... started 1st pass mapping
Apr 21 09:31:48 ..... finished 1st pass mapping
Apr 21 09:31:48 ..... inserting junctions into the genome indices
Apr 21 09:32:01 ..... started mapping
Apr 21 09:32:26 ..... finished mapping
Apr 21 09:32:27 ..... finished successfully
	STAR --runThreadN 8 --twopassMode Basic --genomeDir /home/hychim/private/UU_GenomeAnalysis/result/genome_assembly/star/genome --readFilesIn /home/hychim/private/UU_GenomeAnalysis/data/raw_data/transcriptome/trimmed/SRR6040094_scaffold_11.1.fastq.gz /home/hychim/private/UU_GenomeAnalysis/data/raw_data/transcriptome/trimmed/SRR6040094_scaffold_11.2.fastq.gz --readFilesCommand zcat --outFileNamePrefix /home/hychim/private/UU_GenomeAnalysis/result/genome_assembly/star/mapping/SRR6040094_STAR_ --outSAMtype BAM Unsorted
	STAR version: 2.7.9a   compiled: 2021-10-20T18:01:41+0200 rackham5.uppmax.uu.se:/sw/bioinfo/star/2.7.9a/src/STAR-2.7.9a/source
Apr 21 09:32:27 ..... started STAR run
Apr 21 09:32:27 ..... loading genome
Apr 21 09:32:28 ..... started 1st pass mapping
Apr 21 09:33:01 ..... finished 1st pass mapping
Apr 21 09:33:01 ..... inserting junctions into the genome indices
Apr 21 09:33:15 ..... started mapping
Apr 21 09:33:55 ..... finished mapping
Apr 21 09:33:56 ..... finished successfully
	STAR --runThreadN 8 --twopassMode Basic --genomeDir /home/hychim/private/UU_GenomeAnalysis/result/genome_assembly/star/genome --readFilesIn /home/hychim/private/UU_GenomeAnalysis/data/raw_data/transcriptome/trimmed/SRR6040096_scaffold_11.1.fastq.gz /home/hychim/private/UU_GenomeAnalysis/data/raw_data/transcriptome/trimmed/SRR6040096_scaffold_11.2.fastq.gz --readFilesCommand zcat --outFileNamePrefix /home/hychim/private/UU_GenomeAnalysis/result/genome_assembly/star/mapping/SRR6040096_STAR_ --outSAMtype BAM Unsorted
	STAR version: 2.7.9a   compiled: 2021-10-20T18:01:41+0200 rackham5.uppmax.uu.se:/sw/bioinfo/star/2.7.9a/src/STAR-2.7.9a/source
Apr 21 09:33:56 ..... started STAR run
Apr 21 09:33:56 ..... loading genome
Apr 21 09:33:57 ..... started 1st pass mapping
Apr 21 09:34:26 ..... finished 1st pass mapping
Apr 21 09:34:26 ..... inserting junctions into the genome indices
Apr 21 09:34:40 ..... started mapping
Apr 21 09:35:13 ..... finished mapping
Apr 21 09:35:14 ..... finished successfully
	STAR --runThreadN 8 --twopassMode Basic --genomeDir /home/hychim/private/UU_GenomeAnalysis/result/genome_assembly/star/genome --readFilesIn /home/hychim/private/UU_GenomeAnalysis/data/raw_data/transcriptome/trimmed/SRR6040097_scaffold_11.1.fastq.gz /home/hychim/private/UU_GenomeAnalysis/data/raw_data/transcriptome/trimmed/SRR6040097_scaffold_11.2.fastq.gz --readFilesCommand zcat --outFileNamePrefix /home/hychim/private/UU_GenomeAnalysis/result/genome_assembly/star/mapping/SRR6040097_STAR_ --outSAMtype BAM Unsorted
	STAR version: 2.7.9a   compiled: 2021-10-20T18:01:41+0200 rackham5.uppmax.uu.se:/sw/bioinfo/star/2.7.9a/src/STAR-2.7.9a/source
Apr 21 09:35:14 ..... started STAR run
Apr 21 09:35:14 ..... loading genome
Apr 21 09:35:15 ..... started 1st pass mapping
Apr 21 09:35:28 ..... finished 1st pass mapping
Apr 21 09:35:28 ..... inserting junctions into the genome indices
Apr 21 09:35:40 ..... started mapping
Apr 21 09:35:57 ..... finished mapping
Apr 21 09:35:58 ..... finished successfully
	STAR --runThreadN 8 --twopassMode Basic --genomeDir /home/hychim/private/UU_GenomeAnalysis/result/genome_assembly/star/genome --readFilesIn /home/hychim/private/UU_GenomeAnalysis/data/raw_data/transcriptome/trimmed/SRR6156066_scaffold_11.1.fastq.gz /home/hychim/private/UU_GenomeAnalysis/data/raw_data/transcriptome/trimmed/SRR6156066_scaffold_11.2.fastq.gz --readFilesCommand zcat --outFileNamePrefix /home/hychim/private/UU_GenomeAnalysis/result/genome_assembly/star/mapping/SRR6156066_STAR_ --outSAMtype BAM Unsorted
	STAR version: 2.7.9a   compiled: 2021-10-20T18:01:41+0200 rackham5.uppmax.uu.se:/sw/bioinfo/star/2.7.9a/src/STAR-2.7.9a/source
Apr 21 09:35:58 ..... started STAR run
Apr 21 09:35:58 ..... loading genome
Apr 21 09:35:59 ..... started 1st pass mapping
Apr 21 09:36:25 ..... finished 1st pass mapping
Apr 21 09:36:25 ..... inserting junctions into the genome indices
Apr 21 09:36:38 ..... started mapping
Apr 21 09:37:20 ..... finished mapping
Apr 21 09:37:20 ..... finished successfully
	STAR --runThreadN 8 --twopassMode Basic --genomeDir /home/hychim/private/UU_GenomeAnalysis/result/genome_assembly/star/genome --readFilesIn /home/hychim/private/UU_GenomeAnalysis/data/raw_data/transcriptome/trimmed/SRR6156067_scaffold_11.1.fastq.gz /home/hychim/private/UU_GenomeAnalysis/data/raw_data/transcriptome/trimmed/SRR6156067_scaffold_11.2.fastq.gz --readFilesCommand zcat --outFileNamePrefix /home/hychim/private/UU_GenomeAnalysis/result/genome_assembly/star/mapping/SRR6156067_STAR_ --outSAMtype BAM Unsorted
	STAR version: 2.7.9a   compiled: 2021-10-20T18:01:41+0200 rackham5.uppmax.uu.se:/sw/bioinfo/star/2.7.9a/src/STAR-2.7.9a/source
Apr 21 09:37:21 ..... started STAR run
Apr 21 09:37:21 ..... loading genome
Apr 21 09:37:22 ..... started 1st pass mapping
Apr 21 09:37:42 ..... finished 1st pass mapping
Apr 21 09:37:42 ..... inserting junctions into the genome indices
Apr 21 09:37:55 ..... started mapping
Apr 21 09:38:17 ..... finished mapping
Apr 21 09:38:18 ..... finished successfully
	STAR --runThreadN 8 --twopassMode Basic --genomeDir /home/hychim/private/UU_GenomeAnalysis/result/genome_assembly/star/genome --readFilesIn /home/hychim/private/UU_GenomeAnalysis/data/raw_data/transcriptome/trimmed/SRR6156069_scaffold_11.1.fastq.gz /home/hychim/private/UU_GenomeAnalysis/data/raw_data/transcriptome/trimmed/SRR6156069_scaffold_11.2.fastq.gz --readFilesCommand zcat --outFileNamePrefix /home/hychim/private/UU_GenomeAnalysis/result/genome_assembly/star/mapping/SRR6156069_STAR_ --outSAMtype BAM Unsorted
	STAR version: 2.7.9a   compiled: 2021-10-20T18:01:41+0200 rackham5.uppmax.uu.se:/sw/bioinfo/star/2.7.9a/src/STAR-2.7.9a/source
Apr 21 09:38:18 ..... started STAR run
Apr 21 09:38:18 ..... loading genome
Apr 21 09:38:19 ..... started 1st pass mapping
Apr 21 09:38:43 ..... finished 1st pass mapping
Apr 21 09:38:43 ..... inserting junctions into the genome indices
Apr 21 09:38:56 ..... started mapping
Apr 21 09:39:28 ..... finished mapping
Apr 21 09:39:29 ..... finished successfully
