59325 GFF lines processed.
100000 alignment record pairs processed.
200000 alignment record pairs processed.
300000 alignment record pairs processed.
400000 alignment record pairs processed.
500000 alignment record pairs processed.
600000 alignment record pairs processed.
700000 alignment record pairs processed.
Warning: Mate records missing for 18 records; first such record: <SAM_Alignment object: Paired-end read 'SRR6040092.56183509.1' aligned to tig00000001_pilon:[1944598,1944801)/+>.
799865 alignment pairs processed.
59325 GFF lines processed.
100000 alignment record pairs processed.
200000 alignment record pairs processed.
300000 alignment record pairs processed.
400000 alignment record pairs processed.
500000 alignment record pairs processed.
600000 alignment record pairs processed.
700000 alignment record pairs processed.
Warning: Mate records missing for 19 records; first such record: <SAM_Alignment object: Paired-end read 'SRR6040093.51352026.1' aligned to tig00000119_pilon:[270625,270726)/->.
724838 alignment pairs processed.
59325 GFF lines processed.
100000 alignment record pairs processed.
200000 alignment record pairs processed.
300000 alignment record pairs processed.
400000 alignment record pairs processed.
500000 alignment record pairs processed.
600000 alignment record pairs processed.
700000 alignment record pairs processed.
800000 alignment record pairs processed.
900000 alignment record pairs processed.
1000000 alignment record pairs processed.
1100000 alignment record pairs processed.
1200000 alignment record pairs processed.
1300000 alignment record pairs processed.
Warning: Mate records missing for 34 records; first such record: <SAM_Alignment object: Paired-end read 'SRR6040094.42907019.1' aligned to tig00000001_pilon:[977720,977821)/+>.
1344396 alignment pairs processed.
59325 GFF lines processed.
100000 alignment record pairs processed.
200000 alignment record pairs processed.
300000 alignment record pairs processed.
400000 alignment record pairs processed.
500000 alignment record pairs processed.
600000 alignment record pairs processed.
700000 alignment record pairs processed.
800000 alignment record pairs processed.
900000 alignment record pairs processed.
1000000 alignment record pairs processed.
1100000 alignment record pairs processed.
1200000 alignment record pairs processed.
1300000 alignment record pairs processed.
1400000 alignment record pairs processed.
Warning: Mate records missing for 34 records; first such record: <SAM_Alignment object: Paired-end read 'SRR6040095.54068911.1' aligned to tig00000041_pilon:[8943,10164)/->.
1431287 alignment pairs processed.
59325 GFF lines processed.
100000 alignment record pairs processed.
200000 alignment record pairs processed.
300000 alignment record pairs processed.
400000 alignment record pairs processed.
500000 alignment record pairs processed.
600000 alignment record pairs processed.
700000 alignment record pairs processed.
800000 alignment record pairs processed.
900000 alignment record pairs processed.
1000000 alignment record pairs processed.
1100000 alignment record pairs processed.
Warning: Mate records missing for 31 records; first such record: <SAM_Alignment object: Paired-end read 'SRR6040096.32050438.1' aligned to tig00000019_pilon:[180724,180825)/->.
1140592 alignment pairs processed.
59325 GFF lines processed.
100000 alignment record pairs processed.
200000 alignment record pairs processed.
300000 alignment record pairs processed.
400000 alignment record pairs processed.
500000 alignment record pairs processed.
Warning: Mate records missing for 7 records; first such record: <SAM_Alignment object: Paired-end read 'SRR6040097.1322464.1' aligned to tig00000157_pilon:[5219,5482)/->.
500038 alignment pairs processed.
59325 GFF lines processed.
100000 alignment record pairs processed.
200000 alignment record pairs processed.
300000 alignment record pairs processed.
400000 alignment record pairs processed.
500000 alignment record pairs processed.
600000 alignment record pairs processed.
700000 alignment record pairs processed.
800000 alignment record pairs processed.
900000 alignment record pairs processed.
1000000 alignment record pairs processed.
1100000 alignment record pairs processed.
1200000 alignment record pairs processed.
Warning: Mate records missing for 155 records; first such record: <SAM_Alignment object: Paired-end read 'SRR6156066.872639.1' aligned to tig00000001_pilon:[26713,26839)/+>.
1228445 alignment pairs processed.
59325 GFF lines processed.
100000 alignment record pairs processed.
200000 alignment record pairs processed.
300000 alignment record pairs processed.
400000 alignment record pairs processed.
500000 alignment record pairs processed.
Warning: Mate records missing for 6 records; first such record: <SAM_Alignment object: Paired-end read 'SRR6156067.24696442.1' aligned to tig00000119_pilon:[10502,10603)/->.
558860 alignment pairs processed.
59325 GFF lines processed.
100000 alignment record pairs processed.
200000 alignment record pairs processed.
300000 alignment record pairs processed.
400000 alignment record pairs processed.
500000 alignment record pairs processed.
600000 alignment record pairs processed.
700000 alignment record pairs processed.
Warning: Mate records missing for 197 records; first such record: <SAM_Alignment object: Paired-end read 'SRR6156069.8302863.1' aligned to tig00000001_pilon:[978005,978219)/+>.
784686 alignment pairs processed.
