Bowtie2 looks for the specified index first in the current directory, then in the directory specified in the BOWTIE2_INDEXES environment variable.
See 'module help bowtie2/2.3.5.1' for information on locations of pregenerated indices for reference genomes.
bowtie not loaded, will load bowtie

[2022-04-15 14:11:22] Beginning TopHat run (v2.1.1)
-----------------------------------------------
[2022-04-15 14:11:22] Checking for Bowtie
		  Bowtie version:	 2.3.5.1
[2022-04-15 14:11:22] Checking for Bowtie index files (genome)..
[2022-04-15 14:11:22] Checking for reference FASTA file
	Warning: Could not find FASTA file /home/hychim/private/UU_GenomeAnalysis/result/genome_assembly/pilon/20220408_pilon_out.fa
[2022-04-15 14:11:22] Reconstituting reference FASTA file from Bowtie index
  Executing: /sw/bioinfo/bowtie2/2.3.5.1/snowy/bin/bowtie2-inspect /home/hychim/private/UU_GenomeAnalysis/result/genome_assembly/pilon/20220408_pilon_out > /home/hychim/private/UU_GenomeAnalysis/result/transcriptome/tophat/SRR6040092/tmp/20220408_pilon_out.fa
[2022-04-15 14:11:24] Generating SAM header for /home/hychim/private/UU_GenomeAnalysis/result/genome_assembly/pilon/20220408_pilon_out
[2022-04-15 14:11:25] Preparing reads
	 left reads: min. length=50, max. length=101, 838728 kept reads (34 discarded)
	right reads: min. length=50, max. length=101, 838729 kept reads (33 discarded)
[2022-04-15 14:12:01] Mapping left_kept_reads to genome 20220408_pilon_out with Bowtie2 
[2022-04-15 14:12:59] Mapping left_kept_reads_seg1 to genome 20220408_pilon_out with Bowtie2 (1/4)
[2022-04-15 14:13:03] Mapping left_kept_reads_seg2 to genome 20220408_pilon_out with Bowtie2 (2/4)
[2022-04-15 14:13:08] Mapping left_kept_reads_seg3 to genome 20220408_pilon_out with Bowtie2 (3/4)
[2022-04-15 14:13:13] Mapping left_kept_reads_seg4 to genome 20220408_pilon_out with Bowtie2 (4/4)
[2022-04-15 14:13:19] Mapping right_kept_reads to genome 20220408_pilon_out with Bowtie2 
[2022-04-15 14:14:15] Mapping right_kept_reads_seg1 to genome 20220408_pilon_out with Bowtie2 (1/4)
[2022-04-15 14:14:19] Mapping right_kept_reads_seg2 to genome 20220408_pilon_out with Bowtie2 (2/4)
[2022-04-15 14:14:24] Mapping right_kept_reads_seg3 to genome 20220408_pilon_out with Bowtie2 (3/4)
[2022-04-15 14:14:29] Mapping right_kept_reads_seg4 to genome 20220408_pilon_out with Bowtie2 (4/4)
[2022-04-15 14:14:35] Searching for junctions via segment mapping
[2022-04-15 14:14:57] Retrieving sequences for splices
[2022-04-15 14:14:58] Indexing splices
Building a SMALL index
[2022-04-15 14:15:00] Mapping left_kept_reads_seg1 to genome segment_juncs with Bowtie2 (1/4)
[2022-04-15 14:15:02] Mapping left_kept_reads_seg2 to genome segment_juncs with Bowtie2 (2/4)
[2022-04-15 14:15:04] Mapping left_kept_reads_seg3 to genome segment_juncs with Bowtie2 (3/4)
[2022-04-15 14:15:07] Mapping left_kept_reads_seg4 to genome segment_juncs with Bowtie2 (4/4)
[2022-04-15 14:15:09] Joining segment hits
[2022-04-15 14:15:20] Mapping right_kept_reads_seg1 to genome segment_juncs with Bowtie2 (1/4)
[2022-04-15 14:15:23] Mapping right_kept_reads_seg2 to genome segment_juncs with Bowtie2 (2/4)
[2022-04-15 14:15:25] Mapping right_kept_reads_seg3 to genome segment_juncs with Bowtie2 (3/4)
[2022-04-15 14:15:28] Mapping right_kept_reads_seg4 to genome segment_juncs with Bowtie2 (4/4)
[2022-04-15 14:15:30] Joining segment hits
[2022-04-15 14:15:40] Reporting output tracks
-----------------------------------------------
[2022-04-15 14:17:04] A summary of the alignment counts can be found in /home/hychim/private/UU_GenomeAnalysis/result/transcriptome/tophat/SRR6040092/align_summary.txt
[2022-04-15 14:17:04] Run complete: 00:05:42 elapsed

[2022-04-15 14:17:04] Beginning TopHat run (v2.1.1)
-----------------------------------------------
[2022-04-15 14:17:04] Checking for Bowtie
		  Bowtie version:	 2.3.5.1
[2022-04-15 14:17:04] Checking for Bowtie index files (genome)..
[2022-04-15 14:17:04] Checking for reference FASTA file
	Warning: Could not find FASTA file /home/hychim/private/UU_GenomeAnalysis/result/genome_assembly/pilon/20220408_pilon_out.fa
[2022-04-15 14:17:04] Reconstituting reference FASTA file from Bowtie index
  Executing: /sw/bioinfo/bowtie2/2.3.5.1/snowy/bin/bowtie2-inspect /home/hychim/private/UU_GenomeAnalysis/result/genome_assembly/pilon/20220408_pilon_out > /home/hychim/private/UU_GenomeAnalysis/result/transcriptome/tophat/SRR6040093/tmp/20220408_pilon_out.fa
[2022-04-15 14:17:06] Generating SAM header for /home/hychim/private/UU_GenomeAnalysis/result/genome_assembly/pilon/20220408_pilon_out
[2022-04-15 14:17:06] Preparing reads
	 left reads: min. length=50, max. length=101, 741524 kept reads (19 discarded)
	right reads: min. length=50, max. length=101, 741506 kept reads (37 discarded)
[2022-04-15 14:17:40] Mapping left_kept_reads to genome 20220408_pilon_out with Bowtie2 
[2022-04-15 14:18:33] Mapping left_kept_reads_seg1 to genome 20220408_pilon_out with Bowtie2 (1/4)
[2022-04-15 14:18:37] Mapping left_kept_reads_seg2 to genome 20220408_pilon_out with Bowtie2 (2/4)
[2022-04-15 14:18:41] Mapping left_kept_reads_seg3 to genome 20220408_pilon_out with Bowtie2 (3/4)
[2022-04-15 14:18:46] Mapping left_kept_reads_seg4 to genome 20220408_pilon_out with Bowtie2 (4/4)
[2022-04-15 14:18:51] Mapping right_kept_reads to genome 20220408_pilon_out with Bowtie2 
[2022-04-15 14:19:42] Mapping right_kept_reads_seg1 to genome 20220408_pilon_out with Bowtie2 (1/4)
[2022-04-15 14:19:46] Mapping right_kept_reads_seg2 to genome 20220408_pilon_out with Bowtie2 (2/4)
[2022-04-15 14:19:50] Mapping right_kept_reads_seg3 to genome 20220408_pilon_out with Bowtie2 (3/4)
[2022-04-15 14:19:54] Mapping right_kept_reads_seg4 to genome 20220408_pilon_out with Bowtie2 (4/4)
[2022-04-15 14:20:00] Searching for junctions via segment mapping
[2022-04-15 14:20:21] Retrieving sequences for splices
[2022-04-15 14:20:22] Indexing splices
Building a SMALL index
[2022-04-15 14:20:24] Mapping left_kept_reads_seg1 to genome segment_juncs with Bowtie2 (1/4)
[2022-04-15 14:20:26] Mapping left_kept_reads_seg2 to genome segment_juncs with Bowtie2 (2/4)
[2022-04-15 14:20:29] Mapping left_kept_reads_seg3 to genome segment_juncs with Bowtie2 (3/4)
[2022-04-15 14:20:31] Mapping left_kept_reads_seg4 to genome segment_juncs with Bowtie2 (4/4)
[2022-04-15 14:20:33] Joining segment hits
[2022-04-15 14:20:45] Mapping right_kept_reads_seg1 to genome segment_juncs with Bowtie2 (1/4)
[2022-04-15 14:20:48] Mapping right_kept_reads_seg2 to genome segment_juncs with Bowtie2 (2/4)
[2022-04-15 14:20:50] Mapping right_kept_reads_seg3 to genome segment_juncs with Bowtie2 (3/4)
[2022-04-15 14:20:52] Mapping right_kept_reads_seg4 to genome segment_juncs with Bowtie2 (4/4)
[2022-04-15 14:20:55] Joining segment hits
[2022-04-15 14:21:05] Reporting output tracks
-----------------------------------------------
[2022-04-15 14:22:22] A summary of the alignment counts can be found in /home/hychim/private/UU_GenomeAnalysis/result/transcriptome/tophat/SRR6040093/align_summary.txt
[2022-04-15 14:22:22] Run complete: 00:05:17 elapsed

[2022-04-15 14:22:22] Beginning TopHat run (v2.1.1)
-----------------------------------------------
[2022-04-15 14:22:22] Checking for Bowtie
		  Bowtie version:	 2.3.5.1
[2022-04-15 14:22:22] Checking for Bowtie index files (genome)..
[2022-04-15 14:22:22] Checking for reference FASTA file
	Warning: Could not find FASTA file /home/hychim/private/UU_GenomeAnalysis/result/genome_assembly/pilon/20220408_pilon_out.fa
[2022-04-15 14:22:22] Reconstituting reference FASTA file from Bowtie index
  Executing: /sw/bioinfo/bowtie2/2.3.5.1/snowy/bin/bowtie2-inspect /home/hychim/private/UU_GenomeAnalysis/result/genome_assembly/pilon/20220408_pilon_out > /home/hychim/private/UU_GenomeAnalysis/result/transcriptome/tophat/SRR6040094/tmp/20220408_pilon_out.fa
[2022-04-15 14:22:24] Generating SAM header for /home/hychim/private/UU_GenomeAnalysis/result/genome_assembly/pilon/20220408_pilon_out
[2022-04-15 14:22:25] Preparing reads
	 left reads: min. length=50, max. length=101, 1407721 kept reads (41 discarded)
	right reads: min. length=50, max. length=101, 1407721 kept reads (41 discarded)
[2022-04-15 14:23:19] Mapping left_kept_reads to genome 20220408_pilon_out with Bowtie2 
[2022-04-15 14:24:35] Mapping left_kept_reads_seg1 to genome 20220408_pilon_out with Bowtie2 (1/4)
[2022-04-15 14:24:39] Mapping left_kept_reads_seg2 to genome 20220408_pilon_out with Bowtie2 (2/4)
[2022-04-15 14:24:44] Mapping left_kept_reads_seg3 to genome 20220408_pilon_out with Bowtie2 (3/4)
[2022-04-15 14:24:49] Mapping left_kept_reads_seg4 to genome 20220408_pilon_out with Bowtie2 (4/4)
[2022-04-15 14:24:55] Mapping right_kept_reads to genome 20220408_pilon_out with Bowtie2 
[2022-04-15 14:26:09] Mapping right_kept_reads_seg1 to genome 20220408_pilon_out with Bowtie2 (1/4)
[2022-04-15 14:26:14] Mapping right_kept_reads_seg2 to genome 20220408_pilon_out with Bowtie2 (2/4)
[2022-04-15 14:26:19] Mapping right_kept_reads_seg3 to genome 20220408_pilon_out with Bowtie2 (3/4)
[2022-04-15 14:26:24] Mapping right_kept_reads_seg4 to genome 20220408_pilon_out with Bowtie2 (4/4)
[2022-04-15 14:26:31] Searching for junctions via segment mapping
[2022-04-15 14:26:58] Retrieving sequences for splices
[2022-04-15 14:26:59] Indexing splices
Building a SMALL index
[2022-04-15 14:27:00] Mapping left_kept_reads_seg1 to genome segment_juncs with Bowtie2 (1/4)
[2022-04-15 14:27:04] Mapping left_kept_reads_seg2 to genome segment_juncs with Bowtie2 (2/4)
[2022-04-15 14:27:07] Mapping left_kept_reads_seg3 to genome segment_juncs with Bowtie2 (3/4)
[2022-04-15 14:27:09] Mapping left_kept_reads_seg4 to genome segment_juncs with Bowtie2 (4/4)
[2022-04-15 14:27:12] Joining segment hits
[2022-04-15 14:27:24] Mapping right_kept_reads_seg1 to genome segment_juncs with Bowtie2 (1/4)
[2022-04-15 14:27:27] Mapping right_kept_reads_seg2 to genome segment_juncs with Bowtie2 (2/4)
[2022-04-15 14:27:30] Mapping right_kept_reads_seg3 to genome segment_juncs with Bowtie2 (3/4)
[2022-04-15 14:27:33] Mapping right_kept_reads_seg4 to genome segment_juncs with Bowtie2 (4/4)
[2022-04-15 14:27:36] Joining segment hits
[2022-04-15 14:27:47] Reporting output tracks
-----------------------------------------------
[2022-04-15 14:30:04] A summary of the alignment counts can be found in /home/hychim/private/UU_GenomeAnalysis/result/transcriptome/tophat/SRR6040094/align_summary.txt
[2022-04-15 14:30:04] Run complete: 00:07:42 elapsed

[2022-04-15 14:30:05] Beginning TopHat run (v2.1.1)
-----------------------------------------------
[2022-04-15 14:30:05] Checking for Bowtie
		  Bowtie version:	 2.3.5.1
[2022-04-15 14:30:05] Checking for Bowtie index files (genome)..
[2022-04-15 14:30:05] Checking for reference FASTA file
	Warning: Could not find FASTA file /home/hychim/private/UU_GenomeAnalysis/result/genome_assembly/pilon/20220408_pilon_out.fa
[2022-04-15 14:30:05] Reconstituting reference FASTA file from Bowtie index
  Executing: /sw/bioinfo/bowtie2/2.3.5.1/snowy/bin/bowtie2-inspect /home/hychim/private/UU_GenomeAnalysis/result/genome_assembly/pilon/20220408_pilon_out > /home/hychim/private/UU_GenomeAnalysis/result/transcriptome/tophat/SRR6040096/tmp/20220408_pilon_out.fa
[2022-04-15 14:30:07] Generating SAM header for /home/hychim/private/UU_GenomeAnalysis/result/genome_assembly/pilon/20220408_pilon_out
[2022-04-15 14:30:07] Preparing reads
	 left reads: min. length=50, max. length=101, 1168570 kept reads (28 discarded)
	right reads: min. length=50, max. length=101, 1168564 kept reads (34 discarded)
[2022-04-15 14:30:58] Mapping left_kept_reads to genome 20220408_pilon_out with Bowtie2 
[2022-04-15 14:32:20] Mapping left_kept_reads_seg1 to genome 20220408_pilon_out with Bowtie2 (1/4)
[2022-04-15 14:32:26] Mapping left_kept_reads_seg2 to genome 20220408_pilon_out with Bowtie2 (2/4)
[2022-04-15 14:32:33] Mapping left_kept_reads_seg3 to genome 20220408_pilon_out with Bowtie2 (3/4)
[2022-04-15 14:32:39] Mapping left_kept_reads_seg4 to genome 20220408_pilon_out with Bowtie2 (4/4)
[2022-04-15 14:32:47] Mapping right_kept_reads to genome 20220408_pilon_out with Bowtie2 
[2022-04-15 14:34:05] Mapping right_kept_reads_seg1 to genome 20220408_pilon_out with Bowtie2 (1/4)
[2022-04-15 14:34:11] Mapping right_kept_reads_seg2 to genome 20220408_pilon_out with Bowtie2 (2/4)
[2022-04-15 14:34:18] Mapping right_kept_reads_seg3 to genome 20220408_pilon_out with Bowtie2 (3/4)
[2022-04-15 14:34:25] Mapping right_kept_reads_seg4 to genome 20220408_pilon_out with Bowtie2 (4/4)
[2022-04-15 14:34:33] Searching for junctions via segment mapping
[2022-04-15 14:34:59] Retrieving sequences for splices
[2022-04-15 14:35:00] Indexing splices
Building a SMALL index
[2022-04-15 14:35:02] Mapping left_kept_reads_seg1 to genome segment_juncs with Bowtie2 (1/4)
[2022-04-15 14:35:07] Mapping left_kept_reads_seg2 to genome segment_juncs with Bowtie2 (2/4)
[2022-04-15 14:35:10] Mapping left_kept_reads_seg3 to genome segment_juncs with Bowtie2 (3/4)
[2022-04-15 14:35:14] Mapping left_kept_reads_seg4 to genome segment_juncs with Bowtie2 (4/4)
[2022-04-15 14:35:18] Joining segment hits
[2022-04-15 14:35:33] Mapping right_kept_reads_seg1 to genome segment_juncs with Bowtie2 (1/4)
[2022-04-15 14:35:38] Mapping right_kept_reads_seg2 to genome segment_juncs with Bowtie2 (2/4)
[2022-04-15 14:35:42] Mapping right_kept_reads_seg3 to genome segment_juncs with Bowtie2 (3/4)
[2022-04-15 14:35:45] Mapping right_kept_reads_seg4 to genome segment_juncs with Bowtie2 (4/4)
[2022-04-15 14:35:49] Joining segment hits
[2022-04-15 14:36:02] Reporting output tracks
-----------------------------------------------
[2022-04-15 14:37:50] A summary of the alignment counts can be found in /home/hychim/private/UU_GenomeAnalysis/result/transcriptome/tophat/SRR6040096/align_summary.txt
[2022-04-15 14:37:50] Run complete: 00:07:45 elapsed

[2022-04-15 14:37:50] Beginning TopHat run (v2.1.1)
-----------------------------------------------
[2022-04-15 14:37:50] Checking for Bowtie
		  Bowtie version:	 2.3.5.1
[2022-04-15 14:37:50] Checking for Bowtie index files (genome)..
[2022-04-15 14:37:50] Checking for reference FASTA file
	Warning: Could not find FASTA file /home/hychim/private/UU_GenomeAnalysis/result/genome_assembly/pilon/20220408_pilon_out.fa
[2022-04-15 14:37:50] Reconstituting reference FASTA file from Bowtie index
  Executing: /sw/bioinfo/bowtie2/2.3.5.1/snowy/bin/bowtie2-inspect /home/hychim/private/UU_GenomeAnalysis/result/genome_assembly/pilon/20220408_pilon_out > /home/hychim/private/UU_GenomeAnalysis/result/transcriptome/tophat/SRR6040097/tmp/20220408_pilon_out.fa
[2022-04-15 14:37:52] Generating SAM header for /home/hychim/private/UU_GenomeAnalysis/result/genome_assembly/pilon/20220408_pilon_out
[2022-04-15 14:37:52] Preparing reads
	 left reads: min. length=50, max. length=101, 507696 kept reads (23 discarded)
	right reads: min. length=50, max. length=101, 507719 kept reads (0 discarded)
[2022-04-15 14:38:12] Mapping left_kept_reads to genome 20220408_pilon_out with Bowtie2 
[2022-04-15 14:38:49] Mapping left_kept_reads_seg1 to genome 20220408_pilon_out with Bowtie2 (1/4)
[2022-04-15 14:38:53] Mapping left_kept_reads_seg2 to genome 20220408_pilon_out with Bowtie2 (2/4)
[2022-04-15 14:38:57] Mapping left_kept_reads_seg3 to genome 20220408_pilon_out with Bowtie2 (3/4)
[2022-04-15 14:39:01] Mapping left_kept_reads_seg4 to genome 20220408_pilon_out with Bowtie2 (4/4)
[2022-04-15 14:39:06] Mapping right_kept_reads to genome 20220408_pilon_out with Bowtie2 
[2022-04-15 14:39:40] Mapping right_kept_reads_seg1 to genome 20220408_pilon_out with Bowtie2 (1/4)
[2022-04-15 14:39:44] Mapping right_kept_reads_seg2 to genome 20220408_pilon_out with Bowtie2 (2/4)
[2022-04-15 14:39:47] Mapping right_kept_reads_seg3 to genome 20220408_pilon_out with Bowtie2 (3/4)
[2022-04-15 14:39:51] Mapping right_kept_reads_seg4 to genome 20220408_pilon_out with Bowtie2 (4/4)
[2022-04-15 14:39:56] Searching for junctions via segment mapping
[2022-04-15 14:40:09] Retrieving sequences for splices
[2022-04-15 14:40:10] Indexing splices
Building a SMALL index
[2022-04-15 14:40:11] Mapping left_kept_reads_seg1 to genome segment_juncs with Bowtie2 (1/4)
[2022-04-15 14:40:13] Mapping left_kept_reads_seg2 to genome segment_juncs with Bowtie2 (2/4)
[2022-04-15 14:40:15] Mapping left_kept_reads_seg3 to genome segment_juncs with Bowtie2 (3/4)
[2022-04-15 14:40:18] Mapping left_kept_reads_seg4 to genome segment_juncs with Bowtie2 (4/4)
[2022-04-15 14:40:20] Joining segment hits
[2022-04-15 14:40:28] Mapping right_kept_reads_seg1 to genome segment_juncs with Bowtie2 (1/4)
[2022-04-15 14:40:30] Mapping right_kept_reads_seg2 to genome segment_juncs with Bowtie2 (2/4)
[2022-04-15 14:40:32] Mapping right_kept_reads_seg3 to genome segment_juncs with Bowtie2 (3/4)
[2022-04-15 14:40:34] Mapping right_kept_reads_seg4 to genome segment_juncs with Bowtie2 (4/4)
[2022-04-15 14:40:37] Joining segment hits
[2022-04-15 14:40:44] Reporting output tracks
-----------------------------------------------
[2022-04-15 14:41:29] A summary of the alignment counts can be found in /home/hychim/private/UU_GenomeAnalysis/result/transcriptome/tophat/SRR6040097/align_summary.txt
[2022-04-15 14:41:29] Run complete: 00:03:39 elapsed

[2022-04-15 14:41:30] Beginning TopHat run (v2.1.1)
-----------------------------------------------
[2022-04-15 14:41:30] Checking for Bowtie
		  Bowtie version:	 2.3.5.1
[2022-04-15 14:41:30] Checking for Bowtie index files (genome)..
[2022-04-15 14:41:30] Checking for reference FASTA file
	Warning: Could not find FASTA file /home/hychim/private/UU_GenomeAnalysis/result/genome_assembly/pilon/20220408_pilon_out.fa
[2022-04-15 14:41:30] Reconstituting reference FASTA file from Bowtie index
  Executing: /sw/bioinfo/bowtie2/2.3.5.1/snowy/bin/bowtie2-inspect /home/hychim/private/UU_GenomeAnalysis/result/genome_assembly/pilon/20220408_pilon_out > /home/hychim/private/UU_GenomeAnalysis/result/transcriptome/tophat/SRR6156066/tmp/20220408_pilon_out.fa
[2022-04-15 14:41:32] Generating SAM header for /home/hychim/private/UU_GenomeAnalysis/result/genome_assembly/pilon/20220408_pilon_out
[2022-04-15 14:41:32] Preparing reads
	 left reads: min. length=50, max. length=126, 1248025 kept reads (89 discarded)
	right reads: min. length=50, max. length=126, 1247910 kept reads (204 discarded)
[2022-04-15 14:42:24] Mapping left_kept_reads to genome 20220408_pilon_out with Bowtie2 
[2022-04-15 14:44:19] Mapping left_kept_reads_seg1 to genome 20220408_pilon_out with Bowtie2 (1/5)
[2022-04-15 14:44:29] Mapping left_kept_reads_seg2 to genome 20220408_pilon_out with Bowtie2 (2/5)
[2022-04-15 14:44:40] Mapping left_kept_reads_seg3 to genome 20220408_pilon_out with Bowtie2 (3/5)
[2022-04-15 14:44:51] Mapping left_kept_reads_seg4 to genome 20220408_pilon_out with Bowtie2 (4/5)
[2022-04-15 14:45:03] Mapping left_kept_reads_seg5 to genome 20220408_pilon_out with Bowtie2 (5/5)
[2022-04-15 14:45:17] Mapping right_kept_reads to genome 20220408_pilon_out with Bowtie2 
[2022-04-15 14:47:23] Mapping right_kept_reads_seg1 to genome 20220408_pilon_out with Bowtie2 (1/5)
[2022-04-15 14:47:34] Mapping right_kept_reads_seg2 to genome 20220408_pilon_out with Bowtie2 (2/5)
[2022-04-15 14:47:46] Mapping right_kept_reads_seg3 to genome 20220408_pilon_out with Bowtie2 (3/5)
[2022-04-15 14:47:57] Mapping right_kept_reads_seg4 to genome 20220408_pilon_out with Bowtie2 (4/5)
[2022-04-15 14:48:09] Mapping right_kept_reads_seg5 to genome 20220408_pilon_out with Bowtie2 (5/5)
[2022-04-15 14:48:23] Searching for junctions via segment mapping
[2022-04-15 14:49:05] Retrieving sequences for splices
[2022-04-15 14:49:06] Indexing splices
Building a SMALL index
[2022-04-15 14:49:07] Mapping left_kept_reads_seg1 to genome segment_juncs with Bowtie2 (1/5)
[2022-04-15 14:49:18] Mapping left_kept_reads_seg2 to genome segment_juncs with Bowtie2 (2/5)
[2022-04-15 14:49:27] Mapping left_kept_reads_seg3 to genome segment_juncs with Bowtie2 (3/5)
[2022-04-15 14:49:36] Mapping left_kept_reads_seg4 to genome segment_juncs with Bowtie2 (4/5)
[2022-04-15 14:49:46] Mapping left_kept_reads_seg5 to genome segment_juncs with Bowtie2 (5/5)
[2022-04-15 14:49:56] Joining segment hits
[2022-04-15 14:50:32] Mapping right_kept_reads_seg1 to genome segment_juncs with Bowtie2 (1/5)
[2022-04-15 14:50:43] Mapping right_kept_reads_seg2 to genome segment_juncs with Bowtie2 (2/5)
[2022-04-15 14:50:52] Mapping right_kept_reads_seg3 to genome segment_juncs with Bowtie2 (3/5)
[2022-04-15 14:51:01] Mapping right_kept_reads_seg4 to genome segment_juncs with Bowtie2 (4/5)
[2022-04-15 14:51:11] Mapping right_kept_reads_seg5 to genome segment_juncs with Bowtie2 (5/5)
[2022-04-15 14:51:21] Joining segment hits
[2022-04-15 14:51:56] Reporting output tracks
-----------------------------------------------
[2022-04-15 14:54:38] A summary of the alignment counts can be found in /home/hychim/private/UU_GenomeAnalysis/result/transcriptome/tophat/SRR6156066/align_summary.txt
[2022-04-15 14:54:38] Run complete: 00:13:08 elapsed

[2022-04-15 14:54:38] Beginning TopHat run (v2.1.1)
-----------------------------------------------
[2022-04-15 14:54:38] Checking for Bowtie
		  Bowtie version:	 2.3.5.1
[2022-04-15 14:54:38] Checking for Bowtie index files (genome)..
[2022-04-15 14:54:38] Checking for reference FASTA file
	Warning: Could not find FASTA file /home/hychim/private/UU_GenomeAnalysis/result/genome_assembly/pilon/20220408_pilon_out.fa
[2022-04-15 14:54:38] Reconstituting reference FASTA file from Bowtie index
  Executing: /sw/bioinfo/bowtie2/2.3.5.1/snowy/bin/bowtie2-inspect /home/hychim/private/UU_GenomeAnalysis/result/genome_assembly/pilon/20220408_pilon_out > /home/hychim/private/UU_GenomeAnalysis/result/transcriptome/tophat/SRR6156067/tmp/20220408_pilon_out.fa
[2022-04-15 14:54:40] Generating SAM header for /home/hychim/private/UU_GenomeAnalysis/result/genome_assembly/pilon/20220408_pilon_out
[2022-04-15 14:54:40] Preparing reads
	 left reads: min. length=50, max. length=101, 569694 kept reads (7 discarded)
	right reads: min. length=50, max. length=101, 569693 kept reads (8 discarded)
[2022-04-15 14:55:02] Mapping left_kept_reads to genome 20220408_pilon_out with Bowtie2 
[2022-04-15 14:55:45] Mapping left_kept_reads_seg1 to genome 20220408_pilon_out with Bowtie2 (1/4)
[2022-04-15 14:55:49] Mapping left_kept_reads_seg2 to genome 20220408_pilon_out with Bowtie2 (2/4)
[2022-04-15 14:55:53] Mapping left_kept_reads_seg3 to genome 20220408_pilon_out with Bowtie2 (3/4)
[2022-04-15 14:55:58] Mapping left_kept_reads_seg4 to genome 20220408_pilon_out with Bowtie2 (4/4)
[2022-04-15 14:56:03] Mapping right_kept_reads to genome 20220408_pilon_out with Bowtie2 
[2022-04-15 14:56:44] Mapping right_kept_reads_seg1 to genome 20220408_pilon_out with Bowtie2 (1/4)
[2022-04-15 14:56:48] Mapping right_kept_reads_seg2 to genome 20220408_pilon_out with Bowtie2 (2/4)
[2022-04-15 14:56:53] Mapping right_kept_reads_seg3 to genome 20220408_pilon_out with Bowtie2 (3/4)
[2022-04-15 14:56:57] Mapping right_kept_reads_seg4 to genome 20220408_pilon_out with Bowtie2 (4/4)
[2022-04-15 14:57:03] Searching for junctions via segment mapping
[2022-04-15 14:57:21] Retrieving sequences for splices
[2022-04-15 14:57:22] Indexing splices
Building a SMALL index
[2022-04-15 14:57:23] Mapping left_kept_reads_seg1 to genome segment_juncs with Bowtie2 (1/4)
[2022-04-15 14:57:26] Mapping left_kept_reads_seg2 to genome segment_juncs with Bowtie2 (2/4)
[2022-04-15 14:57:29] Mapping left_kept_reads_seg3 to genome segment_juncs with Bowtie2 (3/4)
[2022-04-15 14:57:32] Mapping left_kept_reads_seg4 to genome segment_juncs with Bowtie2 (4/4)
[2022-04-15 14:57:35] Joining segment hits
[2022-04-15 14:57:46] Mapping right_kept_reads_seg1 to genome segment_juncs with Bowtie2 (1/4)
[2022-04-15 14:57:49] Mapping right_kept_reads_seg2 to genome segment_juncs with Bowtie2 (2/4)
[2022-04-15 14:57:51] Mapping right_kept_reads_seg3 to genome segment_juncs with Bowtie2 (3/4)
[2022-04-15 14:57:54] Mapping right_kept_reads_seg4 to genome segment_juncs with Bowtie2 (4/4)
[2022-04-15 14:57:57] Joining segment hits
[2022-04-15 14:58:08] Reporting output tracks
-----------------------------------------------
[2022-04-15 14:59:05] A summary of the alignment counts can be found in /home/hychim/private/UU_GenomeAnalysis/result/transcriptome/tophat/SRR6156067/align_summary.txt
[2022-04-15 14:59:05] Run complete: 00:04:26 elapsed

[2022-04-15 14:59:05] Beginning TopHat run (v2.1.1)
-----------------------------------------------
[2022-04-15 14:59:05] Checking for Bowtie
		  Bowtie version:	 2.3.5.1
[2022-04-15 14:59:05] Checking for Bowtie index files (genome)..
[2022-04-15 14:59:05] Checking for reference FASTA file
	Warning: Could not find FASTA file /home/hychim/private/UU_GenomeAnalysis/result/genome_assembly/pilon/20220408_pilon_out.fa
[2022-04-15 14:59:05] Reconstituting reference FASTA file from Bowtie index
  Executing: /sw/bioinfo/bowtie2/2.3.5.1/snowy/bin/bowtie2-inspect /home/hychim/private/UU_GenomeAnalysis/result/genome_assembly/pilon/20220408_pilon_out > /home/hychim/private/UU_GenomeAnalysis/result/transcriptome/tophat/SRR6156069/tmp/20220408_pilon_out.fa
[2022-04-15 14:59:07] Generating SAM header for /home/hychim/private/UU_GenomeAnalysis/result/genome_assembly/pilon/20220408_pilon_out
[2022-04-15 14:59:07] Preparing reads
	 left reads: min. length=50, max. length=126, 802405 kept reads (111 discarded)
	right reads: min. length=50, max. length=126, 802508 kept reads (8 discarded)
[2022-04-15 14:59:51] Mapping left_kept_reads to genome 20220408_pilon_out with Bowtie2 
[2022-04-15 15:01:08] Mapping left_kept_reads_seg1 to genome 20220408_pilon_out with Bowtie2 (1/5)
[2022-04-15 15:01:14] Mapping left_kept_reads_seg2 to genome 20220408_pilon_out with Bowtie2 (2/5)
[2022-04-15 15:01:21] Mapping left_kept_reads_seg3 to genome 20220408_pilon_out with Bowtie2 (3/5)
[2022-04-15 15:01:27] Mapping left_kept_reads_seg4 to genome 20220408_pilon_out with Bowtie2 (4/5)
[2022-04-15 15:01:34] Mapping left_kept_reads_seg5 to genome 20220408_pilon_out with Bowtie2 (5/5)
[2022-04-15 15:01:41] Mapping right_kept_reads to genome 20220408_pilon_out with Bowtie2 
[2022-04-15 15:02:48] Mapping right_kept_reads_seg1 to genome 20220408_pilon_out with Bowtie2 (1/5)
[2022-04-15 15:02:54] Mapping right_kept_reads_seg2 to genome 20220408_pilon_out with Bowtie2 (2/5)
[2022-04-15 15:03:01] Mapping right_kept_reads_seg3 to genome 20220408_pilon_out with Bowtie2 (3/5)
[2022-04-15 15:03:08] Mapping right_kept_reads_seg4 to genome 20220408_pilon_out with Bowtie2 (4/5)
[2022-04-15 15:03:14] Mapping right_kept_reads_seg5 to genome 20220408_pilon_out with Bowtie2 (5/5)
[2022-04-15 15:03:20] Searching for junctions via segment mapping
[2022-04-15 15:03:48] Retrieving sequences for splices
[2022-04-15 15:03:49] Indexing splices
Building a SMALL index
[2022-04-15 15:03:51] Mapping left_kept_reads_seg1 to genome segment_juncs with Bowtie2 (1/5)
[2022-04-15 15:03:55] Mapping left_kept_reads_seg2 to genome segment_juncs with Bowtie2 (2/5)
[2022-04-15 15:03:58] Mapping left_kept_reads_seg3 to genome segment_juncs with Bowtie2 (3/5)
[2022-04-15 15:04:02] Mapping left_kept_reads_seg4 to genome segment_juncs with Bowtie2 (4/5)
[2022-04-15 15:04:05] Mapping left_kept_reads_seg5 to genome segment_juncs with Bowtie2 (5/5)
[2022-04-15 15:04:09] Joining segment hits
[2022-04-15 15:04:27] Mapping right_kept_reads_seg1 to genome segment_juncs with Bowtie2 (1/5)
[2022-04-15 15:04:31] Mapping right_kept_reads_seg2 to genome segment_juncs with Bowtie2 (2/5)
[2022-04-15 15:04:34] Mapping right_kept_reads_seg3 to genome segment_juncs with Bowtie2 (3/5)
[2022-04-15 15:04:37] Mapping right_kept_reads_seg4 to genome segment_juncs with Bowtie2 (4/5)
[2022-04-15 15:04:40] Mapping right_kept_reads_seg5 to genome segment_juncs with Bowtie2 (5/5)
[2022-04-15 15:04:43] Joining segment hits
[2022-04-15 15:04:59] Reporting output tracks
-----------------------------------------------
[2022-04-15 15:06:32] A summary of the alignment counts can be found in /home/hychim/private/UU_GenomeAnalysis/result/transcriptome/tophat/SRR6156069/align_summary.txt
[2022-04-15 15:06:32] Run complete: 00:07:26 elapsed

[2022-04-15 15:06:32] Beginning TopHat run (v2.1.1)
-----------------------------------------------
[2022-04-15 15:06:32] Checking for Bowtie
		  Bowtie version:	 2.3.5.1
[2022-04-15 15:06:32] Checking for Bowtie index files (genome)..
[2022-04-15 15:06:32] Checking for reference FASTA file
	Warning: Could not find FASTA file /home/hychim/private/UU_GenomeAnalysis/result/genome_assembly/pilon/20220408_pilon_out.fa
[2022-04-15 15:06:32] Reconstituting reference FASTA file from Bowtie index
  Executing: /sw/bioinfo/bowtie2/2.3.5.1/snowy/bin/bowtie2-inspect /home/hychim/private/UU_GenomeAnalysis/result/genome_assembly/pilon/20220408_pilon_out > /home/hychim/private/UU_GenomeAnalysis/result/transcriptome/tophat/SRR6040095/tmp/20220408_pilon_out.fa
[2022-04-15 15:06:34] Generating SAM header for /home/hychim/private/UU_GenomeAnalysis/result/genome_assembly/pilon/20220408_pilon_out
[2022-04-15 15:06:34] Preparing reads

WARNING: read pairing issues detected (check prep_reads.log) !

	 left reads: min. length=50, max. length=101, 1493999 kept reads (41 discarded)
	right reads: min. length=50, max. length=101, 1493995 kept reads (45 discarded)
[2022-04-15 15:07:31] Mapping left_kept_reads to genome 20220408_pilon_out with Bowtie2 
[2022-04-15 15:08:55] Mapping left_kept_reads_seg1 to genome 20220408_pilon_out with Bowtie2 (1/4)
[2022-04-15 15:09:00] Mapping left_kept_reads_seg2 to genome 20220408_pilon_out with Bowtie2 (2/4)
[2022-04-15 15:09:05] Mapping left_kept_reads_seg3 to genome 20220408_pilon_out with Bowtie2 (3/4)
[2022-04-15 15:09:10] Mapping left_kept_reads_seg4 to genome 20220408_pilon_out with Bowtie2 (4/4)
[2022-04-15 15:09:17] Mapping right_kept_reads to genome 20220408_pilon_out with Bowtie2 
[2022-04-15 15:10:39] Mapping right_kept_reads_seg1 to genome 20220408_pilon_out with Bowtie2 (1/4)
[2022-04-15 15:10:44] Mapping right_kept_reads_seg2 to genome 20220408_pilon_out with Bowtie2 (2/4)
[2022-04-15 15:10:49] Mapping right_kept_reads_seg3 to genome 20220408_pilon_out with Bowtie2 (3/4)
[2022-04-15 15:10:54] Mapping right_kept_reads_seg4 to genome 20220408_pilon_out with Bowtie2 (4/4)
[2022-04-15 15:11:01] Searching for junctions via segment mapping
[2022-04-15 15:11:30] Retrieving sequences for splices
[2022-04-15 15:11:31] Indexing splices
Building a SMALL index
[2022-04-15 15:11:33] Mapping left_kept_reads_seg1 to genome segment_juncs with Bowtie2 (1/4)
[2022-04-15 15:11:35] Mapping left_kept_reads_seg2 to genome segment_juncs with Bowtie2 (2/4)
[2022-04-15 15:11:38] Mapping left_kept_reads_seg3 to genome segment_juncs with Bowtie2 (3/4)
[2022-04-15 15:11:40] Mapping left_kept_reads_seg4 to genome segment_juncs with Bowtie2 (4/4)
[2022-04-15 15:11:42] Joining segment hits
[2022-04-15 15:11:54] Mapping right_kept_reads_seg1 to genome segment_juncs with Bowtie2 (1/4)
[2022-04-15 15:11:58] Mapping right_kept_reads_seg2 to genome segment_juncs with Bowtie2 (2/4)
[2022-04-15 15:12:00] Mapping right_kept_reads_seg3 to genome segment_juncs with Bowtie2 (3/4)
[2022-04-15 15:12:02] Mapping right_kept_reads_seg4 to genome segment_juncs with Bowtie2 (4/4)
[2022-04-15 15:12:05] Joining segment hits
[2022-04-15 15:12:15] Reporting output tracks
-----------------------------------------------
[2022-04-15 15:14:21] A summary of the alignment counts can be found in /home/hychim/private/UU_GenomeAnalysis/result/transcriptome/tophat/SRR6040095/align_summary.txt
[2022-04-15 15:14:21] Run complete: 00:07:49 elapsed
