                                 Started job on |	Apr 21 09:28:21
                             Started mapping on |	Apr 21 09:29:12
                                    Finished on |	Apr 21 09:29:55
       Mapping speed, Million of reads per hour |	125.08

                          Number of input reads |	1493963
                      Average input read length |	198
                                    UNIQUE READS:
                   Uniquely mapped reads number |	1360121
                        Uniquely mapped reads % |	91.04%
                          Average mapped length |	197.29
                       Number of splices: Total |	243568
            Number of splices: Annotated (sjdb) |	241485
                       Number of splices: GT/AG |	240393
                       Number of splices: GC/AG |	2148
                       Number of splices: AT/AC |	66
               Number of splices: Non-canonical |	961
                      Mismatch rate per base, % |	0.26%
                         Deletion rate per base |	0.01%
                        Deletion average length |	1.66
                        Insertion rate per base |	0.03%
                       Insertion average length |	1.10
                             MULTI-MAPPING READS:
        Number of reads mapped to multiple loci |	71166
             % of reads mapped to multiple loci |	4.76%
        Number of reads mapped to too many loci |	46
             % of reads mapped to too many loci |	0.00%
                                  UNMAPPED READS:
  Number of reads unmapped: too many mismatches |	0
       % of reads unmapped: too many mismatches |	0.00%
            Number of reads unmapped: too short |	62630
                 % of reads unmapped: too short |	4.19%
                Number of reads unmapped: other |	0
                     % of reads unmapped: other |	0.00%
                                  CHIMERIC READS:
                       Number of chimeric reads |	0
                            % of chimeric reads |	0.00%
