                                 Started job on |	Apr 21 09:35:14
                             Started mapping on |	Apr 21 09:35:40
                                    Finished on |	Apr 21 09:35:58
       Mapping speed, Million of reads per hour |	101.54

                          Number of input reads |	507719
                      Average input read length |	201
                                    UNIQUE READS:
                   Uniquely mapped reads number |	439384
                        Uniquely mapped reads % |	86.54%
                          Average mapped length |	200.68
                       Number of splices: Total |	345229
            Number of splices: Annotated (sjdb) |	343070
                       Number of splices: GT/AG |	340916
                       Number of splices: GC/AG |	3443
                       Number of splices: AT/AC |	11
               Number of splices: Non-canonical |	859
                      Mismatch rate per base, % |	0.30%
                         Deletion rate per base |	0.01%
                        Deletion average length |	1.57
                        Insertion rate per base |	0.02%
                       Insertion average length |	1.33
                             MULTI-MAPPING READS:
        Number of reads mapped to multiple loci |	60654
             % of reads mapped to multiple loci |	11.95%
        Number of reads mapped to too many loci |	31
             % of reads mapped to too many loci |	0.01%
                                  UNMAPPED READS:
  Number of reads unmapped: too many mismatches |	0
       % of reads unmapped: too many mismatches |	0.00%
            Number of reads unmapped: too short |	7650
                 % of reads unmapped: too short |	1.51%
                Number of reads unmapped: other |	0
                     % of reads unmapped: other |	0.00%
                                  CHIMERIC READS:
                       Number of chimeric reads |	0
                            % of chimeric reads |	0.00%
