                                 Started job on |	Apr 21 09:31:24
                             Started mapping on |	Apr 21 09:32:01
                                    Finished on |	Apr 21 09:32:27
       Mapping speed, Million of reads per hour |	102.68

                          Number of input reads |	741543
                      Average input read length |	199
                                    UNIQUE READS:
                   Uniquely mapped reads number |	661931
                        Uniquely mapped reads % |	89.26%
                          Average mapped length |	198.00
                       Number of splices: Total |	317704
            Number of splices: Annotated (sjdb) |	315907
                       Number of splices: GT/AG |	310752
                       Number of splices: GC/AG |	5999
                       Number of splices: AT/AC |	19
               Number of splices: Non-canonical |	934
                      Mismatch rate per base, % |	0.29%
                         Deletion rate per base |	0.02%
                        Deletion average length |	1.78
                        Insertion rate per base |	0.02%
                       Insertion average length |	1.78
                             MULTI-MAPPING READS:
        Number of reads mapped to multiple loci |	62907
             % of reads mapped to multiple loci |	8.48%
        Number of reads mapped to too many loci |	17
             % of reads mapped to too many loci |	0.00%
                                  UNMAPPED READS:
  Number of reads unmapped: too many mismatches |	0
       % of reads unmapped: too many mismatches |	0.00%
            Number of reads unmapped: too short |	16688
                 % of reads unmapped: too short |	2.25%
                Number of reads unmapped: other |	0
                     % of reads unmapped: other |	0.00%
                                  CHIMERIC READS:
                       Number of chimeric reads |	0
                            % of chimeric reads |	0.00%
