                                 Started job on |	Apr 21 09:32:27
                             Started mapping on |	Apr 21 09:33:15
                                    Finished on |	Apr 21 09:33:56
       Mapping speed, Million of reads per hour |	123.61

                          Number of input reads |	1407762
                      Average input read length |	197
                                    UNIQUE READS:
                   Uniquely mapped reads number |	1279874
                        Uniquely mapped reads % |	90.92%
                          Average mapped length |	196.61
                       Number of splices: Total |	310006
            Number of splices: Annotated (sjdb) |	307720
                       Number of splices: GT/AG |	306332
                       Number of splices: GC/AG |	2759
                       Number of splices: AT/AC |	34
               Number of splices: Non-canonical |	881
                      Mismatch rate per base, % |	0.24%
                         Deletion rate per base |	0.01%
                        Deletion average length |	1.63
                        Insertion rate per base |	0.04%
                       Insertion average length |	1.06
                             MULTI-MAPPING READS:
        Number of reads mapped to multiple loci |	64522
             % of reads mapped to multiple loci |	4.58%
        Number of reads mapped to too many loci |	26
             % of reads mapped to too many loci |	0.00%
                                  UNMAPPED READS:
  Number of reads unmapped: too many mismatches |	0
       % of reads unmapped: too many mismatches |	0.00%
            Number of reads unmapped: too short |	63340
                 % of reads unmapped: too short |	4.50%
                Number of reads unmapped: other |	0
                     % of reads unmapped: other |	0.00%
                                  CHIMERIC READS:
                       Number of chimeric reads |	0
                            % of chimeric reads |	0.00%
