                                 Started job on |	Apr 21 09:37:21
                             Started mapping on |	Apr 21 09:37:55
                                    Finished on |	Apr 21 09:38:18
       Mapping speed, Million of reads per hour |	89.17

                          Number of input reads |	569701
                      Average input read length |	201
                                    UNIQUE READS:
                   Uniquely mapped reads number |	463576
                        Uniquely mapped reads % |	81.37%
                          Average mapped length |	199.64
                       Number of splices: Total |	303873
            Number of splices: Annotated (sjdb) |	302021
                       Number of splices: GT/AG |	300616
                       Number of splices: GC/AG |	2668
                       Number of splices: AT/AC |	6
               Number of splices: Non-canonical |	583
                      Mismatch rate per base, % |	0.38%
                         Deletion rate per base |	0.02%
                        Deletion average length |	1.71
                        Insertion rate per base |	0.02%
                       Insertion average length |	1.54
                             MULTI-MAPPING READS:
        Number of reads mapped to multiple loci |	95284
             % of reads mapped to multiple loci |	16.73%
        Number of reads mapped to too many loci |	21
             % of reads mapped to too many loci |	0.00%
                                  UNMAPPED READS:
  Number of reads unmapped: too many mismatches |	0
       % of reads unmapped: too many mismatches |	0.00%
            Number of reads unmapped: too short |	10820
                 % of reads unmapped: too short |	1.90%
                Number of reads unmapped: other |	0
                     % of reads unmapped: other |	0.00%
                                  CHIMERIC READS:
                       Number of chimeric reads |	0
                            % of chimeric reads |	0.00%
