                                 Started job on |	Apr 21 09:29:55
                             Started mapping on |	Apr 21 09:30:44
                                    Finished on |	Apr 21 09:31:24
       Mapping speed, Million of reads per hour |	75.49

                          Number of input reads |	838762
                      Average input read length |	199
                                    UNIQUE READS:
                   Uniquely mapped reads number |	729790
                        Uniquely mapped reads % |	87.01%
                          Average mapped length |	198.34
                       Number of splices: Total |	302178
            Number of splices: Annotated (sjdb) |	299884
                       Number of splices: GT/AG |	295625
                       Number of splices: GC/AG |	5650
                       Number of splices: AT/AC |	61
               Number of splices: Non-canonical |	842
                      Mismatch rate per base, % |	0.29%
                         Deletion rate per base |	0.02%
                        Deletion average length |	1.71
                        Insertion rate per base |	0.02%
                       Insertion average length |	1.64
                             MULTI-MAPPING READS:
        Number of reads mapped to multiple loci |	70075
             % of reads mapped to multiple loci |	8.35%
        Number of reads mapped to too many loci |	26
             % of reads mapped to too many loci |	0.00%
                                  UNMAPPED READS:
  Number of reads unmapped: too many mismatches |	0
       % of reads unmapped: too many mismatches |	0.00%
            Number of reads unmapped: too short |	38871
                 % of reads unmapped: too short |	4.63%
                Number of reads unmapped: other |	0
                     % of reads unmapped: other |	0.00%
                                  CHIMERIC READS:
                       Number of chimeric reads |	0
                            % of chimeric reads |	0.00%
